[ 2016-01-02T17:10:09+08:00 ] 127.0.0.1 /admin.php
INFO: [ app_init ] --START--
INFO: Run Behavior\BuildLiteBehavior [ RunTime:0.000030s ]
INFO: Run Common\Behavior\InitHookBehavior [ RunTime:0.003168s ]
INFO: [ app_init ] --END-- [ RunTime:0.003977s ]
INFO: [ app_begin ] --START--
INFO: Run Behavior\ReadHtmlCacheBehavior [ RunTime:0.000915s ]
INFO: [ app_begin ] --END-- [ RunTime:0.001066s ]

[ 2016-01-02T17:10:09+08:00 ] 127.0.0.1 /admin.php?s=/Public/login.html
INFO: [ app_init ] --START--
INFO: Run Behavior\BuildLiteBehavior [ RunTime:0.000029s ]
INFO: Run Common\Behavior\InitHookBehavior [ RunTime:0.002952s ]
INFO: [ app_init ] --END-- [ RunTime:0.003894s ]
INFO: [ app_begin ] --START--
INFO: Run Behavior\ReadHtmlCacheBehavior [ RunTime:0.000756s ]
INFO: [ app_begin ] --END-- [ RunTime:0.000985s ]
INFO: [ view_parse ] --START--
INFO: [ template_filter ] --START--
INFO: Run Behavior\ContentReplaceBehavior [ RunTime:0.000150s ]
INFO: [ template_filter ] --END-- [ RunTime:0.000378s ]
INFO: Run Behavior\ParseTemplateBehavior [ RunTime:0.071569s ]
INFO: [ view_parse ] --END-- [ RunTime:0.071707s ]
INFO: [ view_filter ] --START--
INFO: Run Behavior\WriteHtmlCacheBehavior [ RunTime:0.007030s ]
INFO: [ view_filter ] --END-- [ RunTime:0.007153s ]
INFO: [ app_end ] --START--
INFO: Run Behavior\ShowPageTraceBehavior [ RunTime:0.004508s ]
INFO: [ app_end ] --END-- [ RunTime:0.004643s ]

[ 2016-01-02T17:10:09+08:00 ] 127.0.0.1 /admin.php?s=/Public/verify.html
INFO: [ app_init ] --START--
INFO: Run Behavior\BuildLiteBehavior [ RunTime:0.000028s ]
INFO: Run Common\Behavior\InitHookBehavior [ RunTime:0.003066s ]
INFO: [ app_init ] --END-- [ RunTime:0.003828s ]
INFO: [ app_begin ] --START--
INFO: Run Behavior\ReadHtmlCacheBehavior [ RunTime:0.000865s ]
INFO: [ app_begin ] --END-- [ RunTime:0.001028s ]
INFO: [ app_end ] --START--
INFO: Run Behavior\ShowPageTraceBehavior [ RunTime:0.007996s ]
INFO: [ app_end ] --END-- [ RunTime:0.008303s ]

[ 2016-01-02T17:10:16+08:00 ] 127.0.0.1 /admin.php?s=/Public/login.html
INFO: [ app_init ] --START--
INFO: Run Behavior\BuildLiteBehavior [ RunTime:0.000026s ]
INFO: Run Common\Behavior\InitHookBehavior [ RunTime:0.002181s ]
INFO: [ app_init ] --END-- [ RunTime:0.002783s ]
INFO: [ app_begin ] --START--
INFO: Run Behavior\ReadHtmlCacheBehavior [ RunTime:0.000635s ]
INFO: [ app_begin ] --END-- [ RunTime:0.000752s ]

[ 2016-01-02T17:10:16+08:00 ] 127.0.0.1 /admin.php?s=/Public/verify.html&random=0.7781770485453308
INFO: [ app_init ] --START--
INFO: Run Behavior\BuildLiteBehavior [ RunTime:0.000027s ]
INFO: Run Common\Behavior\InitHookBehavior [ RunTime:0.002889s ]
INFO: [ app_init ] --END-- [ RunTime:0.003665s ]
INFO: [ app_begin ] --START--
INFO: Run Behavior\ReadHtmlCacheBehavior [ RunTime:0.001000s ]
INFO: [ app_begin ] --END-- [ RunTime:0.001303s ]
INFO: [ app_end ] --START--
INFO: Run Behavior\ShowPageTraceBehavior [ RunTime:0.000708s ]
INFO: [ app_end ] --END-- [ RunTime:0.000902s ]

[ 2016-01-02T17:10:23+08:00 ] 127.0.0.1 /admin.php?s=/Public/login.html
INFO: [ app_init ] --START--
INFO: Run Behavior\BuildLiteBehavior [ RunTime:0.000027s ]
INFO: Run Common\Behavior\InitHookBehavior [ RunTime:0.002452s ]
INFO: [ app_init ] --END-- [ RunTime:0.003239s ]
INFO: [ app_begin ] --START--
INFO: Run Behavior\ReadHtmlCacheBehavior [ RunTime:0.000852s ]
INFO: [ app_begin ] --END-- [ RunTime:0.001097s ]
NOTIC: [8] Undefined index: lite C:\wamp\www\play\ThinkPHP\Library\Think\Db.class.php 第 37 行.
SQL: SHOW COLUMNS FROM `pk_member` [ RunTime:0.0215s ]
SQL: SELECT `uid`,`nickname`,`sex`,`birthday`,`qq`,`score`,`login`,`reg_ip`,`reg_time`,`last_login_ip`,`last_login_time`,`status`,`regreason`,`groupid`,`memberid`,`mobile`,`notices`,`icon`,`img`,`is_venue` FROM `pk_member` WHERE `uid` = 1 LIMIT 1   [ RunTime:0.0008s ]
SQL: SHOW COLUMNS FROM `pk_action` [ RunTime:0.0207s ]
SQL: SELECT * FROM `pk_action` WHERE `name` = 'user_login' LIMIT 1   [ RunTime:0.0006s ]
SQL: SHOW COLUMNS FROM `pk_member` [ RunTime:0.0063s ]
SQL: SELECT `nickname` FROM `pk_member` WHERE `uid` = 1 LIMIT 1   [ RunTime:0.0004s ]
SQL: SHOW COLUMNS FROM `pk_action_log` [ RunTime:0.0209s ]
SQL: INSERT INTO `pk_action_log` (`action_id`,`user_id`,`action_ip`,`model`,`record_id`,`create_time`,`remark`) VALUES ('1','1','2130706433','member','1','1451725823','admin在2016-01-02 17:10登录了后台') [ RunTime:0.0008s ]
SQL: SELECT * FROM `pk_action` WHERE `name` = 'user_login' LIMIT 1   [ RunTime:0.0007s ]
NOTIC: [8] Undefined offset: 1 C:\wamp\www\play\Application\Common\Common\function.php 第 694 行.
NOTIC: [2] array_key_exists() expects parameter 2 to be array, null given C:\wamp\www\play\Application\Common\Common\function.php 第 694 行.
SQL: SELECT COUNT(*) AS tp_count FROM `pk_action_log` WHERE `action_id` = 1 AND `user_id` = 1 AND `create_time` > 1451639423 LIMIT 1   [ RunTime:0.0071s ]
SQL: UPDATE `pk_member` SET `score`=score+10 WHERE ( uid=1 AND status>-1 ) [ RunTime:0.0029s ]
SQL: UPDATE `pk_member` SET `login`=`login`+1,`last_login_time`='1451725823',`last_login_ip`='2130706433' WHERE `uid` = 1 [ RunTime:0.0005s ]

[ 2016-01-02T17:10:23+08:00 ] 127.0.0.1 /admin.php?s=/Index/index.html
INFO: [ app_init ] --START--
INFO: Run Behavior\BuildLiteBehavior [ RunTime:0.000029s ]
INFO: Run Common\Behavior\InitHookBehavior [ RunTime:0.002802s ]
INFO: [ app_init ] --END-- [ RunTime:0.003674s ]
INFO: [ app_begin ] --START--
INFO: Run Behavior\ReadHtmlCacheBehavior [ RunTime:0.002002s ]
INFO: [ app_begin ] --END-- [ RunTime:0.002258s ]
SQL: SHOW COLUMNS FROM `pk_ucenter_member` [ RunTime:0.0093s ]
SQL: SELECT * FROM `pk_ucenter_member` WHERE `id` = 1 LIMIT 1   [ RunTime:0.0008s ]
SQL: SHOW COLUMNS FROM `pk_message_notices` [ RunTime:0.0259s ]
SQL: SELECT COUNT(*) AS tp_count FROM `pk_message_notices` WHERE `to_admin` = 1 AND `is_ignore` = 0 LIMIT 1   [ RunTime:0.0006s ]
SQL: SHOW COLUMNS FROM `pk_menu` [ RunTime:0.0209s ]
SQL: SELECT `id`,`title`,`alias`,`pid`,`sort`,`url`,`hide`,`tip`,`group`,`is_dev`,`type` FROM `pk_menu` WHERE `pid` = 0 AND `hide` = 0 AND `is_dev` = 0 ORDER BY sort asc  [ RunTime:0.0009s ]
SQL: SELECT DISTINCT  `group` FROM `pk_menu` WHERE `group` <> '' AND `pid` = 1  [ RunTime:0.0009s ]
SQL: SELECT `id`,`url` FROM `pk_menu` WHERE `pid` = 1 AND `hide` = 0 AND `is_dev` = 0  [ RunTime:0.0004s ]
SQL: SELECT `id`,`pid`,`title`,`url`,`tip`,`is_dev` FROM `pk_menu` WHERE `group` = 'Index' AND `pid` = 1 AND `hide` = 0 AND `is_dev` = 0 ORDER BY sort asc  [ RunTime:0.0010s ]
SQL: SELECT DISTINCT  `group` FROM `pk_menu` WHERE `group` <> '' AND `pid` = 49  [ RunTime:0.0011s ]
SQL: SELECT `id`,`url` FROM `pk_menu` WHERE `pid` = 49 AND `hide` = 0 AND `is_dev` = 0  [ RunTime:0.0006s ]
SQL: SELECT `id`,`pid`,`title`,`url`,`tip`,`is_dev` FROM `pk_menu` WHERE `group` = 'Config' AND `pid` = 49 AND `hide` = 0 AND `is_dev` = 0 ORDER BY sort asc  [ RunTime:0.0006s ]
SQL: SELECT DISTINCT  `group` FROM `pk_menu` WHERE `group` <> '' AND `pid` = 2  [ RunTime:0.0006s ]
SQL: SELECT `id`,`url` FROM `pk_menu` WHERE `pid` = 2 AND `hide` = 0 AND `is_dev` = 0  [ RunTime:0.0006s ]
SQL: SELECT `id`,`pid`,`title`,`url`,`tip`,`is_dev` FROM `pk_menu` WHERE `group` = 'User' AND `pid` = 2 AND `hide` = 0 AND `is_dev` = 0 ORDER BY sort asc  [ RunTime:0.0005s ]
SQL: SELECT DISTINCT  `group` FROM `pk_menu` WHERE `group` <> '' AND `pid` = 72  [ RunTime:0.0007s ]
SQL: SELECT `id`,`url` FROM `pk_menu` WHERE `pid` = 72 AND `hide` = 0 AND `is_dev` = 0  [ RunTime:0.0009s ]
SQL: SELECT `id`,`pid`,`title`,`url`,`tip`,`is_dev` FROM `pk_menu` WHERE `group` = 'Business' AND `pid` = 72 AND `hide` = 0 AND `is_dev` = 0 ORDER BY sort asc  [ RunTime:0.0006s ]
SQL: SELECT DISTINCT  `group` FROM `pk_menu` WHERE `group` <> '' AND `pid` = 195  [ RunTime:0.0007s ]
SQL: SELECT `id`,`url` FROM `pk_menu` WHERE `pid` = 195 AND `hide` = 0 AND `is_dev` = 0  [ RunTime:0.0012s ]
SQL: SELECT `id`,`pid`,`title`,`url`,`tip`,`is_dev` FROM `pk_menu` WHERE `group` = 'Funds' AND `pid` = 195 AND `hide` = 0 AND `is_dev` = 0 ORDER BY sort asc  [ RunTime:0.0020s ]
SQL: SELECT DISTINCT  `group` FROM `pk_menu` WHERE `group` <> '' AND `pid` = 43  [ RunTime:0.0007s ]
SQL: SELECT `id`,`url` FROM `pk_menu` WHERE `pid` = 43 AND `hide` = 0 AND `is_dev` = 0  [ RunTime:0.0005s ]
SQL: SELECT `id`,`pid`,`title`,`url`,`tip`,`is_dev` FROM `pk_menu` WHERE `group` = 'Cms' AND `pid` = 43 AND `hide` = 0 AND `is_dev` = 0 ORDER BY sort asc  [ RunTime:0.0006s ]
SQL: SELECT DISTINCT  `group` FROM `pk_menu` WHERE `group` <> '' AND `pid` = 63  [ RunTime:0.0006s ]
SQL: SELECT `id`,`url` FROM `pk_menu` WHERE `pid` = 63 AND `hide` = 0 AND `is_dev` = 0  [ RunTime:0.0005s ]
SQL: SELECT `id`,`pid`,`title`,`url`,`tip`,`is_dev` FROM `pk_menu` WHERE `group` = 'Forum' AND `pid` = 63 AND `hide` = 0 AND `is_dev` = 0 ORDER BY sort asc  [ RunTime:0.0005s ]
SQL: SELECT DISTINCT  `group` FROM `pk_menu` WHERE `group` <> '' AND `pid` = 46  [ RunTime:0.0006s ]
SQL: SELECT `id`,`url` FROM `pk_menu` WHERE `pid` = 46 AND `hide` = 0 AND `is_dev` = 0  [ RunTime:0.0005s ]
SQL: SELECT `id`,`pid`,`title`,`url`,`tip`,`is_dev` FROM `pk_menu` WHERE `group` = 'Addons' AND `pid` = 46 AND `hide` = 0 AND `is_dev` = 0 ORDER BY sort asc  [ RunTime:0.0006s ]
SQL: SHOW COLUMNS FROM `pk_custom` [ RunTime:0.0134s ]
SQL: SELECT `mid` FROM `pk_custom` WHERE `uid` = 1  [ RunTime:0.0008s ]
SQL: SELECT * FROM `pk_menu` WHERE `id` = 45 LIMIT 1   [ RunTime:0.0007s ]
INFO: [ view_parse ] --START--
INFO: [ template_filter ] --START--
INFO: Run Behavior\ContentReplaceBehavior [ RunTime:0.000508s ]
INFO: [ template_filter ] --END-- [ RunTime:0.000673s ]
NOTIC: [8] Undefined variable: remind C:\wamp\www\play\Runtime\Cache\Admin\b595b808c2ebeeeb0478ffc30bb4e87a.php 第 128 行.
INFO: Run Behavior\ParseTemplateBehavior [ RunTime:0.062402s ]
INFO: [ view_parse ] --END-- [ RunTime:0.062527s ]
INFO: [ view_filter ] --START--
INFO: Run Behavior\WriteHtmlCacheBehavior [ RunTime:0.000731s ]
INFO: [ view_filter ] --END-- [ RunTime:0.000904s ]
INFO: [ app_end ] --START--
INFO: Run Behavior\ShowPageTraceBehavior [ RunTime:0.002101s ]
INFO: [ app_end ] --END-- [ RunTime:0.002647s ]

[ 2016-01-02T17:10:24+08:00 ] 127.0.0.1 /admin.php?s=/Home/index.html
INFO: [ app_init ] --START--
INFO: Run Behavior\BuildLiteBehavior [ RunTime:0.000029s ]
INFO: Run Common\Behavior\InitHookBehavior [ RunTime:0.002906s ]
INFO: [ app_init ] --END-- [ RunTime:0.003626s ]
INFO: [ app_begin ] --START--
INFO: Run Behavior\ReadHtmlCacheBehavior [ RunTime:0.000629s ]
INFO: [ app_begin ] --END-- [ RunTime:0.000757s ]
SQL: SHOW COLUMNS FROM `pk_ucenter_member` [ RunTime:0.0092s ]
SQL: SELECT * FROM `pk_ucenter_member` WHERE `id` = 1 LIMIT 1   [ RunTime:0.0007s ]
SQL: SHOW COLUMNS FROM `pk_message_notices` [ RunTime:0.0110s ]
SQL: SELECT COUNT(*) AS tp_count FROM `pk_message_notices` WHERE `to_admin` = 1 AND `is_ignore` = 0 LIMIT 1   [ RunTime:0.0005s ]
SQL: SHOW COLUMNS FROM `pk_menu` [ RunTime:0.0198s ]
SQL: SELECT `id`,`title`,`alias`,`pid`,`sort`,`url`,`hide`,`tip`,`group`,`is_dev`,`type` FROM `pk_menu` WHERE `pid` = 0 AND `hide` = 0 AND `is_dev` = 0 ORDER BY sort asc  [ RunTime:0.0006s ]
SQL: SELECT DISTINCT  `group` FROM `pk_menu` WHERE `group` <> '' AND `pid` = 1  [ RunTime:0.0007s ]
SQL: SELECT `id`,`url` FROM `pk_menu` WHERE `pid` = 1 AND `hide` = 0 AND `is_dev` = 0  [ RunTime:0.0015s ]
SQL: SELECT `id`,`pid`,`title`,`url`,`tip`,`is_dev` FROM `pk_menu` WHERE `group` = 'Index' AND `pid` = 1 AND `hide` = 0 AND `is_dev` = 0 ORDER BY sort asc  [ RunTime:0.0005s ]
SQL: SELECT DISTINCT  `group` FROM `pk_menu` WHERE `group` <> '' AND `pid` = 49  [ RunTime:0.0006s ]
SQL: SELECT `id`,`url` FROM `pk_menu` WHERE `pid` = 49 AND `hide` = 0 AND `is_dev` = 0  [ RunTime:0.0007s ]
SQL: SELECT `id`,`pid`,`title`,`url`,`tip`,`is_dev` FROM `pk_menu` WHERE `group` = 'Config' AND `pid` = 49 AND `hide` = 0 AND `is_dev` = 0 ORDER BY sort asc  [ RunTime:0.0022s ]
SQL: SELECT DISTINCT  `group` FROM `pk_menu` WHERE `group` <> '' AND `pid` = 2  [ RunTime:0.0006s ]
SQL: SELECT `id`,`url` FROM `pk_menu` WHERE `pid` = 2 AND `hide` = 0 AND `is_dev` = 0  [ RunTime:0.0004s ]
SQL: SELECT `id`,`pid`,`title`,`url`,`tip`,`is_dev` FROM `pk_menu` WHERE `group` = 'User' AND `pid` = 2 AND `hide` = 0 AND `is_dev` = 0 ORDER BY sort asc  [ RunTime:0.0005s ]
SQL: SELECT DISTINCT  `group` FROM `pk_menu` WHERE `group` <> '' AND `pid` = 72  [ RunTime:0.0005s ]
SQL: SELECT `id`,`url` FROM `pk_menu` WHERE `pid` = 72 AND `hide` = 0 AND `is_dev` = 0  [ RunTime:0.0004s ]
SQL: SELECT `id`,`pid`,`title`,`url`,`tip`,`is_dev` FROM `pk_menu` WHERE `group` = 'Business' AND `pid` = 72 AND `hide` = 0 AND `is_dev` = 0 ORDER BY sort asc  [ RunTime:0.0007s ]
SQL: SELECT DISTINCT  `group` FROM `pk_menu` WHERE `group` <> '' AND `pid` = 195  [ RunTime:0.0022s ]
SQL: SELECT `id`,`url` FROM `pk_menu` WHERE `pid` = 195 AND `hide` = 0 AND `is_dev` = 0  [ RunTime:0.0008s ]
SQL: SELECT `id`,`pid`,`title`,`url`,`tip`,`is_dev` FROM `pk_menu` WHERE `group` = 'Funds' AND `pid` = 195 AND `hide` = 0 AND `is_dev` = 0 ORDER BY sort asc  [ RunTime:0.0006s ]
SQL: SELECT DISTINCT  `group` FROM `pk_menu` WHERE `group` <> '' AND `pid` = 43  [ RunTime:0.0005s ]
SQL: SELECT `id`,`url` FROM `pk_menu` WHERE `pid` = 43 AND `hide` = 0 AND `is_dev` = 0  [ RunTime:0.0004s ]
SQL: SELECT `id`,`pid`,`title`,`url`,`tip`,`is_dev` FROM `pk_menu` WHERE `group` = 'Cms' AND `pid` = 43 AND `hide` = 0 AND `is_dev` = 0 ORDER BY sort asc  [ RunTime:0.0006s ]
SQL: SELECT DISTINCT  `group` FROM `pk_menu` WHERE `group` <> '' AND `pid` = 63  [ RunTime:0.0005s ]
SQL: SELECT `id`,`url` FROM `pk_menu` WHERE `pid` = 63 AND `hide` = 0 AND `is_dev` = 0  [ RunTime:0.0005s ]
SQL: SELECT `id`,`pid`,`title`,`url`,`tip`,`is_dev` FROM `pk_menu` WHERE `group` = 'Forum' AND `pid` = 63 AND `hide` = 0 AND `is_dev` = 0 ORDER BY sort asc  [ RunTime:0.0005s ]
SQL: SELECT DISTINCT  `group` FROM `pk_menu` WHERE `group` <> '' AND `pid` = 46  [ RunTime:0.0007s ]
SQL: SELECT `id`,`url` FROM `pk_menu` WHERE `pid` = 46 AND `hide` = 0 AND `is_dev` = 0  [ RunTime:0.0006s ]
SQL: SELECT `id`,`pid`,`title`,`url`,`tip`,`is_dev` FROM `pk_menu` WHERE `group` = 'Addons' AND `pid` = 46 AND `hide` = 0 AND `is_dev` = 0 ORDER BY sort asc  [ RunTime:0.0010s ]
SQL: SHOW COLUMNS FROM `pk_custom` [ RunTime:0.0102s ]
SQL: SELECT `mid` FROM `pk_custom` WHERE `uid` = 1  [ RunTime:0.0006s ]
SQL: SELECT * FROM `pk_menu` WHERE `id` = 45 LIMIT 1   [ RunTime:0.0005s ]
INFO: [ view_parse ] --START--
INFO: [ template_filter ] --START--
INFO: Run Behavior\ContentReplaceBehavior [ RunTime:0.000372s ]
INFO: [ template_filter ] --END-- [ RunTime:0.001040s ]
INFO: [ AdminIndex ] --START--
SQL: SHOW COLUMNS FROM `pk_addons` [ RunTime:0.0255s ]
SQL: SELECT `config` FROM `pk_addons` WHERE `name` = 'SiteStat' AND `status` = 1 LIMIT 1   [ RunTime:0.0006s ]
NOTIC: [2] Illegal offset type C:\wamp\www\play\Addons\SiteStat\SiteStatAddon.class.php 第 40 行.
SQL: SELECT COUNT(*) AS tp_count FROM `pk_ucenter_member` WHERE `custom_service` = '' LIMIT 1   [ RunTime:0.0010s ]
SQL: SHOW COLUMNS FROM `pk_action_log` [ RunTime:0.0108s ]
SQL: SELECT COUNT(*) AS tp_count FROM `pk_action_log` LIMIT 1   [ RunTime:0.0005s ]
SQL: SHOW COLUMNS FROM `pk_document` [ RunTime:0.0247s ]
SQL: SELECT COUNT(*) AS tp_count FROM `pk_document` LIMIT 1   [ RunTime:0.0017s ]
SQL: SHOW COLUMNS FROM `pk_category` [ RunTime:0.0234s ]
SQL: SELECT COUNT(*) AS tp_count FROM `pk_category` LIMIT 1   [ RunTime:0.0010s ]
SQL: SHOW COLUMNS FROM `pk_model` [ RunTime:0.0277s ]
SQL: SELECT COUNT(*) AS tp_count FROM `pk_model` LIMIT 1   [ RunTime:0.0005s ]
INFO: [ view_parse ] --START--
INFO: [ template_filter ] --START--
INFO: Run Behavior\ContentReplaceBehavior [ RunTime:0.000208s ]
INFO: [ template_filter ] --END-- [ RunTime:-0.193097s ]
INFO: Run Behavior\ParseTemplateBehavior [ RunTime:0.030935s ]
INFO: [ view_parse ] --END-- [ RunTime:0.031085s ]
INFO: [ view_filter ] --START--
INFO: Run Behavior\WriteHtmlCacheBehavior [ RunTime:0.000725s ]
INFO: [ view_filter ] --END-- [ RunTime:0.000858s ]
INFO: Run Addons\SiteStat\SiteStatAddon [ RunTime:0.181035s ]
SQL: SELECT `config` FROM `pk_addons` WHERE `name` = 'SystemInfo' AND `status` = 1 LIMIT 1   [ RunTime:0.0005s ]
INFO: [ view_parse ] --START--
INFO: [ template_filter ] --START--
INFO: Run Behavior\ContentReplaceBehavior [ RunTime:0.000134s ]
INFO: [ template_filter ] --END-- [ RunTime:-0.368728s ]
SQL: select version() as v; [ RunTime:0.0025s ]
INFO: Run Behavior\ParseTemplateBehavior [ RunTime:0.026468s ]
INFO: [ view_parse ] --END-- [ RunTime:-0.158250s ]
INFO: [ view_filter ] --START--
INFO: Run Behavior\WriteHtmlCacheBehavior [ RunTime:0.000036s ]
INFO: [ view_filter ] --END-- [ RunTime:-0.183998s ]
INFO: Run Addons\SystemInfo\SystemInfoAddon [ RunTime:0.184144s ]
SQL: SELECT `config` FROM `pk_addons` WHERE `name` = 'DevTeam' AND `status` = 1 LIMIT 1   [ RunTime:0.0005s ]
INFO: [ view_parse ] --START--
INFO: [ template_filter ] --START--
INFO: Run Behavior\ContentReplaceBehavior [ RunTime:0.000180s ]
INFO: [ template_filter ] --END-- [ RunTime:-0.407409s ]
INFO: Run Behavior\ParseTemplateBehavior [ RunTime:0.015460s ]
INFO: [ view_parse ] --END-- [ RunTime:-0.195422s ]
INFO: [ view_filter ] --START--
INFO: Run Behavior\WriteHtmlCacheBehavior [ RunTime:0.000032s ]
INFO: [ view_filter ] --END-- [ RunTime:-0.210267s ]
INFO: Run Addons\DevTeam\DevTeamAddon [ RunTime:0.026182s ]
INFO: [ AdminIndex ] --END-- [ RunTime:0.391620s ]
NOTIC: [8] Undefined variable: remind C:\wamp\www\play\Runtime\Cache\Admin\22e1ae56de7cd2188a6c84240f3a78b7.php 第 59 行.
INFO: Run Behavior\ParseTemplateBehavior [ RunTime:0.016287s ]
INFO: [ view_parse ] --END-- [ RunTime:-0.195422s ]
INFO: [ view_filter ] --START--
INFO: Run Behavior\WriteHtmlCacheBehavior [ RunTime:0.000027s ]
INFO: [ view_filter ] --END-- [ RunTime:-0.211060s ]
INFO: [ app_end ] --START--
INFO: Run Behavior\ShowPageTraceBehavior [ RunTime:0.000857s ]
INFO: [ app_end ] --END-- [ RunTime:0.000967s ]

[ 2016-01-02T17:10:47+08:00 ] 127.0.0.1 /admin.php?s=/Config/index.html
INFO: [ app_init ] --START--
INFO: Run Behavior\BuildLiteBehavior [ RunTime:0.000028s ]
INFO: Run Common\Behavior\InitHookBehavior [ RunTime:0.002667s ]
INFO: [ app_init ] --END-- [ RunTime:0.003978s ]
INFO: [ app_begin ] --START--
INFO: Run Behavior\ReadHtmlCacheBehavior [ RunTime:0.001692s ]
INFO: [ app_begin ] --END-- [ RunTime:0.001839s ]
SQL: SHOW COLUMNS FROM `pk_ucenter_member` [ RunTime:0.0123s ]
SQL: SELECT * FROM `pk_ucenter_member` WHERE `id` = 1 LIMIT 1   [ RunTime:0.0008s ]
SQL: SHOW COLUMNS FROM `pk_message_notices` [ RunTime:0.0099s ]
SQL: SELECT COUNT(*) AS tp_count FROM `pk_message_notices` WHERE `to_admin` = 1 AND `is_ignore` = 0 LIMIT 1   [ RunTime:0.0009s ]
SQL: SHOW COLUMNS FROM `pk_menu` [ RunTime:0.0078s ]
SQL: SELECT `id`,`title`,`alias`,`pid`,`sort`,`url`,`hide`,`tip`,`group`,`is_dev`,`type` FROM `pk_menu` WHERE `pid` = 0 AND `hide` = 0 AND `is_dev` = 0 ORDER BY sort asc  [ RunTime:0.0008s ]
SQL: SELECT DISTINCT  `group` FROM `pk_menu` WHERE `group` <> '' AND `pid` = 1  [ RunTime:0.0006s ]
SQL: SELECT `id`,`url` FROM `pk_menu` WHERE `pid` = 1 AND `hide` = 0 AND `is_dev` = 0  [ RunTime:0.0004s ]
SQL: SELECT `id`,`pid`,`title`,`url`,`tip`,`is_dev` FROM `pk_menu` WHERE `group` = 'Index' AND `pid` = 1 AND `hide` = 0 AND `is_dev` = 0 ORDER BY sort asc  [ RunTime:0.0009s ]
SQL: SELECT DISTINCT  `group` FROM `pk_menu` WHERE `group` <> '' AND `pid` = 49  [ RunTime:0.0015s ]
SQL: SELECT `id`,`url` FROM `pk_menu` WHERE `pid` = 49 AND `hide` = 0 AND `is_dev` = 0  [ RunTime:0.0008s ]
SQL: SELECT `id`,`pid`,`title`,`url`,`tip`,`is_dev` FROM `pk_menu` WHERE `group` = 'Config' AND `pid` = 49 AND `hide` = 0 AND `is_dev` = 0 ORDER BY sort asc  [ RunTime:0.0007s ]
SQL: SELECT DISTINCT  `group` FROM `pk_menu` WHERE `group` <> '' AND `pid` = 2  [ RunTime:0.0007s ]
SQL: SELECT `id`,`url` FROM `pk_menu` WHERE `pid` = 2 AND `hide` = 0 AND `is_dev` = 0  [ RunTime:0.0005s ]
SQL: SELECT `id`,`pid`,`title`,`url`,`tip`,`is_dev` FROM `pk_menu` WHERE `group` = 'User' AND `pid` = 2 AND `hide` = 0 AND `is_dev` = 0 ORDER BY sort asc  [ RunTime:0.0005s ]
SQL: SELECT DISTINCT  `group` FROM `pk_menu` WHERE `group` <> '' AND `pid` = 72  [ RunTime:0.0006s ]
SQL: SELECT `id`,`url` FROM `pk_menu` WHERE `pid` = 72 AND `hide` = 0 AND `is_dev` = 0  [ RunTime:0.0006s ]
SQL: SELECT `id`,`pid`,`title`,`url`,`tip`,`is_dev` FROM `pk_menu` WHERE `group` = 'Business' AND `pid` = 72 AND `hide` = 0 AND `is_dev` = 0 ORDER BY sort asc  [ RunTime:0.0012s ]
SQL: SELECT DISTINCT  `group` FROM `pk_menu` WHERE `group` <> '' AND `pid` = 195  [ RunTime:0.0014s ]
SQL: SELECT `id`,`url` FROM `pk_menu` WHERE `pid` = 195 AND `hide` = 0 AND `is_dev` = 0  [ RunTime:0.0005s ]
SQL: SELECT `id`,`pid`,`title`,`url`,`tip`,`is_dev` FROM `pk_menu` WHERE `group` = 'Funds' AND `pid` = 195 AND `hide` = 0 AND `is_dev` = 0 ORDER BY sort asc  [ RunTime:0.0006s ]
SQL: SELECT DISTINCT  `group` FROM `pk_menu` WHERE `group` <> '' AND `pid` = 43  [ RunTime:0.0006s ]
SQL: SELECT `id`,`url` FROM `pk_menu` WHERE `pid` = 43 AND `hide` = 0 AND `is_dev` = 0  [ RunTime:0.0005s ]
SQL: SELECT `id`,`pid`,`title`,`url`,`tip`,`is_dev` FROM `pk_menu` WHERE `group` = 'Cms' AND `pid` = 43 AND `hide` = 0 AND `is_dev` = 0 ORDER BY sort asc  [ RunTime:0.0006s ]
SQL: SELECT DISTINCT  `group` FROM `pk_menu` WHERE `group` <> '' AND `pid` = 63  [ RunTime:0.0006s ]
SQL: SELECT `id`,`url` FROM `pk_menu` WHERE `pid` = 63 AND `hide` = 0 AND `is_dev` = 0  [ RunTime:0.0005s ]
SQL: SELECT `id`,`pid`,`title`,`url`,`tip`,`is_dev` FROM `pk_menu` WHERE `group` = 'Forum' AND `pid` = 63 AND `hide` = 0 AND `is_dev` = 0 ORDER BY sort asc  [ RunTime:0.0006s ]
SQL: SELECT DISTINCT  `group` FROM `pk_menu` WHERE `group` <> '' AND `pid` = 46  [ RunTime:0.0006s ]
SQL: SELECT `id`,`url` FROM `pk_menu` WHERE `pid` = 46 AND `hide` = 0 AND `is_dev` = 0  [ RunTime:0.0014s ]
SQL: SELECT `id`,`pid`,`title`,`url`,`tip`,`is_dev` FROM `pk_menu` WHERE `group` = 'Addons' AND `pid` = 46 AND `hide` = 0 AND `is_dev` = 0 ORDER BY sort asc  [ RunTime:0.0025s ]
SQL: SHOW COLUMNS FROM `pk_custom` [ RunTime:0.0075s ]
SQL: SELECT `mid` FROM `pk_custom` WHERE `uid` = 1  [ RunTime:0.0006s ]
SQL: SELECT * FROM `pk_menu` WHERE `id` = 45 LIMIT 1   [ RunTime:0.0013s ]
SQL: SHOW COLUMNS FROM `pk_config` [ RunTime:0.0106s ]
SQL: SELECT COUNT(*) AS tp_count FROM `pk_config` WHERE `status` = 1 LIMIT 1   [ RunTime:0.0008s ]
SQL: SELECT `id`,`name`,`type`,`title`,`group`,`extra`,`remark`,`create_time`,`update_time`,`status`,`value`,`sort` FROM `pk_config` WHERE `status` = 1 ORDER BY sort,id LIMIT 0,10   [ RunTime:0.0008s ]
INFO: [ view_parse ] --START--
INFO: [ template_filter ] --START--
INFO: Run Behavior\ContentReplaceBehavior [ RunTime:0.000145s ]
INFO: [ template_filter ] --END-- [ RunTime:0.000283s ]
NOTIC: [8] Undefined variable: remind C:\wamp\www\play\Runtime\Cache\Admin\9bb5e7ead1bbec7c3d970a481af28a6e.php 第 118 行.
INFO: Run Behavior\ParseTemplateBehavior [ RunTime:0.057810s ]
INFO: [ view_parse ] --END-- [ RunTime:0.057998s ]
INFO: [ view_filter ] --START--
INFO: Run Behavior\WriteHtmlCacheBehavior [ RunTime:0.000981s ]
INFO: [ view_filter ] --END-- [ RunTime:0.001219s ]
INFO: [ app_end ] --START--
INFO: Run Behavior\ShowPageTraceBehavior [ RunTime:0.001359s ]
INFO: [ app_end ] --END-- [ RunTime:0.002551s ]

[ 2016-01-02T17:10:49+08:00 ] 127.0.0.1 /admin.php?s=/Config/group.html
INFO: [ app_init ] --START--
INFO: Run Behavior\BuildLiteBehavior [ RunTime:0.000029s ]
INFO: Run Common\Behavior\InitHookBehavior [ RunTime:0.003141s ]
INFO: [ app_init ] --END-- [ RunTime:0.003848s ]
INFO: [ app_begin ] --START--
INFO: Run Behavior\ReadHtmlCacheBehavior [ RunTime:0.000771s ]
INFO: [ app_begin ] --END-- [ RunTime:0.000891s ]
SQL: SHOW COLUMNS FROM `pk_ucenter_member` [ RunTime:0.0134s ]
SQL: SELECT * FROM `pk_ucenter_member` WHERE `id` = 1 LIMIT 1   [ RunTime:0.0007s ]
SQL: SHOW COLUMNS FROM `pk_config` [ RunTime:0.0112s ]
SQL: SELECT `type`,`name`,`value` FROM `pk_config` WHERE `status` = 1  [ RunTime:0.0009s ]
SQL: SHOW COLUMNS FROM `pk_message_notices` [ RunTime:0.0137s ]
SQL: SELECT COUNT(*) AS tp_count FROM `pk_message_notices` WHERE `to_admin` = 1 AND `is_ignore` = 0 LIMIT 1   [ RunTime:0.0006s ]
SQL: SHOW COLUMNS FROM `pk_custom` [ RunTime:0.0093s ]
SQL: SELECT `mid` FROM `pk_custom` WHERE `uid` = 1  [ RunTime:0.0005s ]
SQL: SHOW COLUMNS FROM `pk_menu` [ RunTime:0.0099s ]
SQL: SELECT * FROM `pk_menu` WHERE `id` = 45 LIMIT 1   [ RunTime:0.0004s ]
SQL: SELECT `id`,`name`,`title`,`extra`,`value`,`remark`,`type` FROM `pk_config` WHERE `status` = 1 AND `group` = 1 ORDER BY sort  [ RunTime:0.0008s ]
INFO: [ view_parse ] --START--
INFO: [ template_filter ] --START--
INFO: Run Behavior\ContentReplaceBehavior [ RunTime:0.000140s ]
INFO: [ template_filter ] --END-- [ RunTime:0.000261s ]
NOTIC: [8] Undefined variable: info C:\wamp\www\play\Runtime\Cache\Admin\e915606f4666252950bacf14eab57f78.php 第 81 行.
NOTIC: [8] Undefined variable: remind C:\wamp\www\play\Runtime\Cache\Admin\e915606f4666252950bacf14eab57f78.php 第 112 行.
INFO: Run Behavior\ParseTemplateBehavior [ RunTime:0.051187s ]
INFO: [ view_parse ] --END-- [ RunTime:0.051388s ]
INFO: [ view_filter ] --START--
INFO: Run Behavior\WriteHtmlCacheBehavior [ RunTime:0.001713s ]
INFO: [ view_filter ] --END-- [ RunTime:0.002025s ]
INFO: [ app_end ] --START--
INFO: Run Behavior\ShowPageTraceBehavior [ RunTime:0.001017s ]
INFO: [ app_end ] --END-- [ RunTime:0.001192s ]

[ 2016-01-02T17:25:23+08:00 ] 127.0.0.1 /admin.php
INFO: [ app_init ] --START--
INFO: Run Behavior\BuildLiteBehavior [ RunTime:0.000057s ]
INFO: Run Common\Behavior\InitHookBehavior [ RunTime:0.008469s ]
INFO: [ app_init ] --END-- [ RunTime:0.009425s ]
INFO: [ app_begin ] --START--
INFO: Run Behavior\ReadHtmlCacheBehavior [ RunTime:0.000996s ]
INFO: [ app_begin ] --END-- [ RunTime:0.001365s ]
SQL: SHOW COLUMNS FROM `pk_ucenter_member` [ RunTime:0.0607s ]
SQL: SELECT * FROM `pk_ucenter_member` WHERE `id` = 1 LIMIT 1   [ RunTime:0.0009s ]
SQL: SHOW COLUMNS FROM `pk_message_notices` [ RunTime:0.0112s ]
SQL: SELECT COUNT(*) AS tp_count FROM `pk_message_notices` WHERE `to_admin` = 1 AND `is_ignore` = 0 LIMIT 1   [ RunTime:0.0006s ]
SQL: SHOW COLUMNS FROM `pk_custom` [ RunTime:0.0097s ]
SQL: SELECT `mid` FROM `pk_custom` WHERE `uid` = 1  [ RunTime:0.0012s ]
SQL: SHOW COLUMNS FROM `pk_menu` [ RunTime:0.0117s ]
SQL: SELECT * FROM `pk_menu` WHERE `id` = 45 LIMIT 1   [ RunTime:0.0006s ]
INFO: [ view_parse ] --START--
INFO: [ template_filter ] --START--
INFO: Run Behavior\ContentReplaceBehavior [ RunTime:0.000260s ]
INFO: [ template_filter ] --END-- [ RunTime:0.000384s ]
NOTIC: [8] Undefined variable: remind C:\wamp\www\play\Runtime\Cache\Admin\b595b808c2ebeeeb0478ffc30bb4e87a.php 第 128 行.
INFO: Run Behavior\ParseTemplateBehavior [ RunTime:0.035615s ]
INFO: [ view_parse ] --END-- [ RunTime:0.035740s ]
INFO: [ view_filter ] --START--
INFO: Run Behavior\WriteHtmlCacheBehavior [ RunTime:0.000753s ]
INFO: [ view_filter ] --END-- [ RunTime:0.000869s ]
INFO: [ app_end ] --START--
INFO: Run Behavior\ShowPageTraceBehavior [ RunTime:0.002424s ]
INFO: [ app_end ] --END-- [ RunTime:0.002719s ]

[ 2016-01-02T17:25:24+08:00 ] 127.0.0.1 /admin.php?s=/Home/index.html
INFO: [ app_init ] --START--
INFO: Run Behavior\BuildLiteBehavior [ RunTime:0.000028s ]
INFO: Run Common\Behavior\InitHookBehavior [ RunTime:0.001762s ]
INFO: [ app_init ] --END-- [ RunTime:0.002274s ]
INFO: [ app_begin ] --START--
INFO: Run Behavior\ReadHtmlCacheBehavior [ RunTime:0.000541s ]
INFO: [ app_begin ] --END-- [ RunTime:0.000667s ]
SQL: SHOW COLUMNS FROM `pk_ucenter_member` [ RunTime:0.0476s ]
SQL: SELECT * FROM `pk_ucenter_member` WHERE `id` = 1 LIMIT 1   [ RunTime:0.0136s ]
SQL: SHOW COLUMNS FROM `pk_message_notices` [ RunTime:0.0087s ]
SQL: SELECT COUNT(*) AS tp_count FROM `pk_message_notices` WHERE `to_admin` = 1 AND `is_ignore` = 0 LIMIT 1   [ RunTime:0.0017s ]
SQL: SHOW COLUMNS FROM `pk_custom` [ RunTime:0.0055s ]
SQL: SELECT `mid` FROM `pk_custom` WHERE `uid` = 1  [ RunTime:0.0004s ]
SQL: SHOW COLUMNS FROM `pk_menu` [ RunTime:0.0111s ]
SQL: SELECT * FROM `pk_menu` WHERE `id` = 45 LIMIT 1   [ RunTime:0.0005s ]
INFO: [ view_parse ] --START--
INFO: [ template_filter ] --START--
INFO: Run Behavior\ContentReplaceBehavior [ RunTime:0.000218s ]
INFO: [ template_filter ] --END-- [ RunTime:0.000820s ]
INFO: [ AdminIndex ] --START--
SQL: SHOW COLUMNS FROM `pk_addons` [ RunTime:0.0373s ]
SQL: SELECT `config` FROM `pk_addons` WHERE `name` = 'SiteStat' AND `status` = 1 LIMIT 1   [ RunTime:0.0004s ]
NOTIC: [2] Illegal offset type C:\wamp\www\play\Addons\SiteStat\SiteStatAddon.class.php 第 40 行.
SQL: SELECT COUNT(*) AS tp_count FROM `pk_ucenter_member` WHERE `custom_service` = '' LIMIT 1   [ RunTime:0.0007s ]
SQL: SHOW COLUMNS FROM `pk_action_log` [ RunTime:0.0112s ]
SQL: SELECT COUNT(*) AS tp_count FROM `pk_action_log` LIMIT 1   [ RunTime:0.0003s ]
SQL: SHOW COLUMNS FROM `pk_document` [ RunTime:0.0116s ]
SQL: SELECT COUNT(*) AS tp_count FROM `pk_document` LIMIT 1   [ RunTime:0.0008s ]
SQL: SHOW COLUMNS FROM `pk_category` [ RunTime:0.0077s ]
SQL: SELECT COUNT(*) AS tp_count FROM `pk_category` LIMIT 1   [ RunTime:0.0005s ]
SQL: SHOW COLUMNS FROM `pk_model` [ RunTime:0.0109s ]
SQL: SELECT COUNT(*) AS tp_count FROM `pk_model` LIMIT 1   [ RunTime:0.0005s ]
INFO: [ view_parse ] --START--
INFO: [ template_filter ] --START--
INFO: Run Behavior\ContentReplaceBehavior [ RunTime:0.000073s ]
INFO: [ template_filter ] --END-- [ RunTime:-0.093681s ]
INFO: Run Behavior\ParseTemplateBehavior [ RunTime:0.004116s ]
INFO: [ view_parse ] --END-- [ RunTime:0.004252s ]
INFO: [ view_filter ] --START--
INFO: Run Behavior\WriteHtmlCacheBehavior [ RunTime:0.000803s ]
INFO: [ view_filter ] --END-- [ RunTime:0.001009s ]
INFO: Run Addons\SiteStat\SiteStatAddon [ RunTime:0.094380s ]
SQL: SELECT `config` FROM `pk_addons` WHERE `name` = 'SystemInfo' AND `status` = 1 LIMIT 1   [ RunTime:0.0013s ]
INFO: [ view_parse ] --START--
INFO: [ template_filter ] --START--
INFO: Run Behavior\ContentReplaceBehavior [ RunTime:0.000170s ]
INFO: [ template_filter ] --END-- [ RunTime:-0.227390s ]
SQL: select version() as v; [ RunTime:0.0011s ]
INFO: Run Behavior\ParseTemplateBehavior [ RunTime:0.007226s ]
INFO: [ view_parse ] --END-- [ RunTime:-0.129109s ]
INFO: [ view_filter ] --START--
INFO: Run Behavior\WriteHtmlCacheBehavior [ RunTime:0.000034s ]
INFO: [ view_filter ] --END-- [ RunTime:-0.135503s ]
INFO: Run Addons\SystemInfo\SystemInfoAddon [ RunTime:0.135583s ]
SQL: SELECT `config` FROM `pk_addons` WHERE `name` = 'DevTeam' AND `status` = 1 LIMIT 1   [ RunTime:0.0005s ]
INFO: [ view_parse ] --START--
INFO: [ template_filter ] --START--
INFO: Run Behavior\ContentReplaceBehavior [ RunTime:0.000214s ]
INFO: [ template_filter ] --END-- [ RunTime:-0.242972s ]
INFO: Run Behavior\ParseTemplateBehavior [ RunTime:0.020829s ]
INFO: [ view_parse ] --END-- [ RunTime:-0.145017s ]
INFO: [ view_filter ] --START--
INFO: Run Behavior\WriteHtmlCacheBehavior [ RunTime:0.000033s ]
INFO: [ view_filter ] --END-- [ RunTime:-0.164966s ]
INFO: Run Addons\DevTeam\DevTeamAddon [ RunTime:0.029349s ]
INFO: [ AdminIndex ] --END-- [ RunTime:0.259665s ]
NOTIC: [8] Undefined variable: remind C:\wamp\www\play\Runtime\Cache\Admin\22e1ae56de7cd2188a6c84240f3a78b7.php 第 59 行.
INFO: Run Behavior\ParseTemplateBehavior [ RunTime:0.021590s ]
INFO: [ view_parse ] --END-- [ RunTime:-0.145017s ]
INFO: [ view_filter ] --START--
INFO: Run Behavior\WriteHtmlCacheBehavior [ RunTime:0.000028s ]
INFO: [ view_filter ] --END-- [ RunTime:-0.165694s ]
INFO: [ app_end ] --START--
INFO: Run Behavior\ShowPageTraceBehavior [ RunTime:0.000752s ]
INFO: [ app_end ] --END-- [ RunTime:0.000869s ]

[ 2016-01-02T17:25:28+08:00 ] 127.0.0.1 /admin.php?s=/Venue/index.html
INFO: [ app_init ] --START--
INFO: Run Behavior\BuildLiteBehavior [ RunTime:0.000027s ]
INFO: Run Common\Behavior\InitHookBehavior [ RunTime:0.006152s ]
INFO: [ app_init ] --END-- [ RunTime:0.006797s ]
INFO: [ app_begin ] --START--
INFO: Run Behavior\ReadHtmlCacheBehavior [ RunTime:0.002018s ]
INFO: [ app_begin ] --END-- [ RunTime:0.002284s ]
SQL: SHOW COLUMNS FROM `pk_ucenter_member` [ RunTime:0.0133s ]
SQL: SELECT * FROM `pk_ucenter_member` WHERE `id` = 1 LIMIT 1   [ RunTime:0.0007s ]
SQL: SHOW COLUMNS FROM `pk_message_notices` [ RunTime:0.0092s ]
SQL: SELECT COUNT(*) AS tp_count FROM `pk_message_notices` WHERE `to_admin` = 1 AND `is_ignore` = 0 LIMIT 1   [ RunTime:0.0005s ]
SQL: SHOW COLUMNS FROM `pk_menu` [ RunTime:0.0092s ]
SQL: SELECT `id`,`title`,`alias`,`pid`,`sort`,`url`,`hide`,`tip`,`group`,`is_dev`,`type` FROM `pk_menu` WHERE `pid` = 0 AND `hide` = 0 AND `is_dev` = 0 ORDER BY sort asc  [ RunTime:0.0016s ]
SQL: SELECT DISTINCT  `group` FROM `pk_menu` WHERE `group` <> '' AND `pid` = 1  [ RunTime:0.0008s ]
SQL: SELECT `id`,`url` FROM `pk_menu` WHERE `pid` = 1 AND `hide` = 0 AND `is_dev` = 0  [ RunTime:0.0005s ]
SQL: SELECT `id`,`pid`,`title`,`url`,`tip`,`is_dev` FROM `pk_menu` WHERE `group` = 'Index' AND `pid` = 1 AND `hide` = 0 AND `is_dev` = 0 ORDER BY sort asc  [ RunTime:0.0006s ]
SQL: SELECT DISTINCT  `group` FROM `pk_menu` WHERE `group` <> '' AND `pid` = 49  [ RunTime:0.0008s ]
SQL: SELECT `id`,`url` FROM `pk_menu` WHERE `pid` = 49 AND `hide` = 0 AND `is_dev` = 0  [ RunTime:0.0005s ]
SQL: SELECT `id`,`pid`,`title`,`url`,`tip`,`is_dev` FROM `pk_menu` WHERE `group` = 'Config' AND `pid` = 49 AND `hide` = 0 AND `is_dev` = 0 ORDER BY sort asc  [ RunTime:0.0007s ]
SQL: SELECT DISTINCT  `group` FROM `pk_menu` WHERE `group` <> '' AND `pid` = 2  [ RunTime:0.0006s ]
SQL: SELECT `id`,`url` FROM `pk_menu` WHERE `pid` = 2 AND `hide` = 0 AND `is_dev` = 0  [ RunTime:0.0004s ]
SQL: SELECT `id`,`pid`,`title`,`url`,`tip`,`is_dev` FROM `pk_menu` WHERE `group` = 'User' AND `pid` = 2 AND `hide` = 0 AND `is_dev` = 0 ORDER BY sort asc  [ RunTime:0.0005s ]
SQL: SELECT DISTINCT  `group` FROM `pk_menu` WHERE `group` <> '' AND `pid` = 72  [ RunTime:0.0007s ]
SQL: SELECT `id`,`url` FROM `pk_menu` WHERE `pid` = 72 AND `hide` = 0 AND `is_dev` = 0  [ RunTime:0.0005s ]
SQL: SELECT `id`,`pid`,`title`,`url`,`tip`,`is_dev` FROM `pk_menu` WHERE `group` = 'Business' AND `pid` = 72 AND `hide` = 0 AND `is_dev` = 0 ORDER BY sort asc  [ RunTime:0.0005s ]
SQL: SELECT DISTINCT  `group` FROM `pk_menu` WHERE `group` <> '' AND `pid` = 195  [ RunTime:0.0006s ]
SQL: SELECT `id`,`url` FROM `pk_menu` WHERE `pid` = 195 AND `hide` = 0 AND `is_dev` = 0  [ RunTime:0.0029s ]
SQL: SELECT `id`,`pid`,`title`,`url`,`tip`,`is_dev` FROM `pk_menu` WHERE `group` = 'Funds' AND `pid` = 195 AND `hide` = 0 AND `is_dev` = 0 ORDER BY sort asc  [ RunTime:0.0007s ]
SQL: SELECT DISTINCT  `group` FROM `pk_menu` WHERE `group` <> '' AND `pid` = 43  [ RunTime:0.0007s ]
SQL: SELECT `id`,`url` FROM `pk_menu` WHERE `pid` = 43 AND `hide` = 0 AND `is_dev` = 0  [ RunTime:0.0005s ]
SQL: SELECT `id`,`pid`,`title`,`url`,`tip`,`is_dev` FROM `pk_menu` WHERE `group` = 'Cms' AND `pid` = 43 AND `hide` = 0 AND `is_dev` = 0 ORDER BY sort asc  [ RunTime:0.0007s ]
SQL: SELECT DISTINCT  `group` FROM `pk_menu` WHERE `group` <> '' AND `pid` = 63  [ RunTime:0.0006s ]
SQL: SELECT `id`,`url` FROM `pk_menu` WHERE `pid` = 63 AND `hide` = 0 AND `is_dev` = 0  [ RunTime:0.0005s ]
SQL: SELECT `id`,`pid`,`title`,`url`,`tip`,`is_dev` FROM `pk_menu` WHERE `group` = 'Forum' AND `pid` = 63 AND `hide` = 0 AND `is_dev` = 0 ORDER BY sort asc  [ RunTime:0.0005s ]
SQL: SELECT DISTINCT  `group` FROM `pk_menu` WHERE `group` <> '' AND `pid` = 46  [ RunTime:0.0006s ]
SQL: SELECT `id`,`url` FROM `pk_menu` WHERE `pid` = 46 AND `hide` = 0 AND `is_dev` = 0  [ RunTime:0.0008s ]
SQL: SELECT `id`,`pid`,`title`,`url`,`tip`,`is_dev` FROM `pk_menu` WHERE `group` = 'Addons' AND `pid` = 46 AND `hide` = 0 AND `is_dev` = 0 ORDER BY sort asc  [ RunTime:0.0009s ]
SQL: SHOW COLUMNS FROM `pk_custom` [ RunTime:0.0103s ]
SQL: SELECT `mid` FROM `pk_custom` WHERE `uid` = 1  [ RunTime:0.0013s ]
SQL: SELECT * FROM `pk_menu` WHERE `id` = 45 LIMIT 1   [ RunTime:0.0006s ]
SQL: SHOW COLUMNS FROM `pk_venue` [ RunTime:0.0106s ]
SQL: SELECT COUNT(*) AS tp_count FROM pk_venue Venue  JOIN pk_ucenter_member UcenterMember ON Venue.uid=UcenterMember.id WHERE Venue.status > -1 LIMIT 1   [ RunTime:0.0047s ]
SQL: SELECT Venue.id AS id,Venue.uid AS uid,Venue.name AS name,Venue.status AS status,Venue.created_time AS created_time,Venue.update_time AS update_time,UcenterMember.username AS username,UcenterMember.realname AS realname,UcenterMember.mobile AS mobile,UcenterMember.email AS email FROM pk_venue Venue  JOIN pk_ucenter_member UcenterMember ON Venue.uid=UcenterMember.id WHERE Venue.status > -1 ORDER BY Venue.created_time desc LIMIT 0,10   [ RunTime:0.0012s ]
INFO: [ view_parse ] --START--
INFO: [ template_filter ] --START--
INFO: Run Behavior\ContentReplaceBehavior [ RunTime:0.001471s ]
INFO: [ template_filter ] --END-- [ RunTime:0.001701s ]
NOTIC: [8] Undefined index: reg_time C:\wamp\www\play\Runtime\Cache\Admin\639c4cd33b54b1a8bc70e82178786b92.php 第 93 行.
NOTIC: [8] Undefined index: reg_time C:\wamp\www\play\Runtime\Cache\Admin\639c4cd33b54b1a8bc70e82178786b92.php 第 93 行.
NOTIC: [8] Undefined index: reg_time C:\wamp\www\play\Runtime\Cache\Admin\639c4cd33b54b1a8bc70e82178786b92.php 第 93 行.
NOTIC: [8] Undefined index: reg_time C:\wamp\www\play\Runtime\Cache\Admin\639c4cd33b54b1a8bc70e82178786b92.php 第 93 行.
NOTIC: [8] Undefined index: reg_time C:\wamp\www\play\Runtime\Cache\Admin\639c4cd33b54b1a8bc70e82178786b92.php 第 93 行.
NOTIC: [8] Undefined index: reg_time C:\wamp\www\play\Runtime\Cache\Admin\639c4cd33b54b1a8bc70e82178786b92.php 第 93 行.
NOTIC: [8] Undefined index: reg_time C:\wamp\www\play\Runtime\Cache\Admin\639c4cd33b54b1a8bc70e82178786b92.php 第 93 行.
NOTIC: [8] Undefined index: reg_time C:\wamp\www\play\Runtime\Cache\Admin\639c4cd33b54b1a8bc70e82178786b92.php 第 93 行.
NOTIC: [8] Undefined index: reg_time C:\wamp\www\play\Runtime\Cache\Admin\639c4cd33b54b1a8bc70e82178786b92.php 第 93 行.
NOTIC: [8] Undefined index: reg_time C:\wamp\www\play\Runtime\Cache\Admin\639c4cd33b54b1a8bc70e82178786b92.php 第 93 行.
NOTIC: [8] Undefined variable: remind C:\wamp\www\play\Runtime\Cache\Admin\639c4cd33b54b1a8bc70e82178786b92.php 第 144 行.
INFO: Run Behavior\ParseTemplateBehavior [ RunTime:0.075984s ]
INFO: [ view_parse ] --END-- [ RunTime:0.076121s ]
INFO: [ view_filter ] --START--
INFO: Run Behavior\WriteHtmlCacheBehavior [ RunTime:0.000903s ]
INFO: [ view_filter ] --END-- [ RunTime:0.001310s ]
INFO: [ app_end ] --START--
INFO: Run Behavior\ShowPageTraceBehavior [ RunTime:0.001186s ]
INFO: [ app_end ] --END-- [ RunTime:0.001608s ]

[ 2016-01-02T17:25:29+08:00 ] 127.0.0.1 /admin.php?s=/Venue/add.html
INFO: [ app_init ] --START--
INFO: Run Behavior\BuildLiteBehavior [ RunTime:0.000027s ]
INFO: Run Common\Behavior\InitHookBehavior [ RunTime:0.001813s ]
INFO: [ app_init ] --END-- [ RunTime:0.002315s ]
INFO: [ app_begin ] --START--
INFO: Run Behavior\ReadHtmlCacheBehavior [ RunTime:0.001424s ]
INFO: [ app_begin ] --END-- [ RunTime:0.001552s ]
SQL: SHOW COLUMNS FROM `pk_ucenter_member` [ RunTime:0.0235s ]
SQL: SELECT * FROM `pk_ucenter_member` WHERE `id` = 1 LIMIT 1   [ RunTime:0.0010s ]
SQL: SHOW COLUMNS FROM `pk_message_notices` [ RunTime:0.0188s ]
SQL: SELECT COUNT(*) AS tp_count FROM `pk_message_notices` WHERE `to_admin` = 1 AND `is_ignore` = 0 LIMIT 1   [ RunTime:0.0019s ]
SQL: SHOW COLUMNS FROM `pk_custom` [ RunTime:0.0101s ]
SQL: SELECT `mid` FROM `pk_custom` WHERE `uid` = 1  [ RunTime:0.0006s ]
SQL: SHOW COLUMNS FROM `pk_menu` [ RunTime:0.0091s ]
SQL: SELECT * FROM `pk_menu` WHERE `id` = 45 LIMIT 1   [ RunTime:0.0005s ]
SQL: SHOW COLUMNS FROM `pk_member_groups` [ RunTime:0.0228s ]
SQL: SELECT * FROM `pk_member_groups` WHERE `type` IN ('special','system')  [ RunTime:0.0013s ]
INFO: [ view_parse ] --START--
INFO: [ template_filter ] --START--
INFO: Run Behavior\ContentReplaceBehavior [ RunTime:0.000105s ]
INFO: [ template_filter ] --END-- [ RunTime:0.000235s ]
INFO: Run Behavior\ParseTemplateBehavior [ RunTime:0.023217s ]
INFO: [ view_parse ] --END-- [ RunTime:0.023441s ]
INFO: [ view_filter ] --START--
INFO: Run Behavior\WriteHtmlCacheBehavior [ RunTime:0.000730s ]
INFO: [ view_filter ] --END-- [ RunTime:0.000845s ]
INFO: [ app_end ] --START--
INFO: Run Behavior\ShowPageTraceBehavior [ RunTime:0.000824s ]
INFO: [ app_end ] --END-- [ RunTime:0.000935s ]

[ 2016-01-02T17:26:23+08:00 ] 127.0.0.1 /admin.php?s=/Venue/add.html
INFO: [ app_init ] --START--
INFO: Run Behavior\BuildLiteBehavior [ RunTime:0.000034s ]
INFO: Run Common\Behavior\InitHookBehavior [ RunTime:0.005253s ]
INFO: [ app_init ] --END-- [ RunTime:0.006645s ]
INFO: [ app_begin ] --START--
INFO: Run Behavior\ReadHtmlCacheBehavior [ RunTime:0.002663s ]
INFO: [ app_begin ] --END-- [ RunTime:0.003073s ]
SQL: SHOW COLUMNS FROM `pk_ucenter_member` [ RunTime:0.0102s ]
SQL: SELECT * FROM `pk_ucenter_member` WHERE `id` = 1 LIMIT 1   [ RunTime:0.0007s ]
SQL: SHOW COLUMNS FROM `pk_message_notices` [ RunTime:0.0072s ]
SQL: SELECT COUNT(*) AS tp_count FROM `pk_message_notices` WHERE `to_admin` = 1 AND `is_ignore` = 0 LIMIT 1   [ RunTime:0.0005s ]
SQL: SHOW COLUMNS FROM `pk_custom` [ RunTime:0.0071s ]
SQL: SELECT `mid` FROM `pk_custom` WHERE `uid` = 1  [ RunTime:0.0004s ]
SQL: SHOW COLUMNS FROM `pk_menu` [ RunTime:0.0091s ]
SQL: SELECT * FROM `pk_menu` WHERE `id` = 45 LIMIT 1   [ RunTime:0.0005s ]
NOTIC: [8] Undefined index: lite C:\wamp\www\play\ThinkPHP\Library\Think\Db.class.php 第 37 行.
SQL: SHOW COLUMNS FROM `pk_member` [ RunTime:0.0087s ]
SQL: INSERT INTO `pk_member` (`uid`,`nickname`,`status`) VALUES ('419','f8','1') [ RunTime:0.0021s ]
NOTIC: [8] Use of undefined constant NEW_TIME - assumed 'NEW_TIME' C:\wamp\www\play\Application\Admin\Controller\VenueController.class.php 第 97 行.
SQL: SHOW COLUMNS FROM `pk_venue` [ RunTime:0.0096s ]
SQL: INSERT INTO `pk_venue` (`uid`,`name`,`created_time`) VALUES ('419','特美龙运动馆','0') [ RunTime:0.0007s ]

[ 2016-01-02T17:26:25+08:00 ] 127.0.0.1 /admin.php?s=/Venue/index.html
INFO: [ app_init ] --START--
INFO: Run Behavior\BuildLiteBehavior [ RunTime:0.000044s ]
INFO: Run Common\Behavior\InitHookBehavior [ RunTime:0.002103s ]
INFO: [ app_init ] --END-- [ RunTime:0.002991s ]
INFO: [ app_begin ] --START--
INFO: Run Behavior\ReadHtmlCacheBehavior [ RunTime:0.000555s ]
INFO: [ app_begin ] --END-- [ RunTime:0.000772s ]
SQL: SHOW COLUMNS FROM `pk_ucenter_member` [ RunTime:0.0135s ]
SQL: SELECT * FROM `pk_ucenter_member` WHERE `id` = 1 LIMIT 1   [ RunTime:0.0009s ]
SQL: SHOW COLUMNS FROM `pk_message_notices` [ RunTime:0.0095s ]
SQL: SELECT COUNT(*) AS tp_count FROM `pk_message_notices` WHERE `to_admin` = 1 AND `is_ignore` = 0 LIMIT 1   [ RunTime:0.0005s ]
SQL: SHOW COLUMNS FROM `pk_custom` [ RunTime:0.0092s ]
SQL: SELECT `mid` FROM `pk_custom` WHERE `uid` = 1  [ RunTime:0.0005s ]
SQL: SHOW COLUMNS FROM `pk_menu` [ RunTime:0.0083s ]
SQL: SELECT * FROM `pk_menu` WHERE `id` = 45 LIMIT 1   [ RunTime:0.0005s ]
SQL: SHOW COLUMNS FROM `pk_venue` [ RunTime:0.0102s ]
SQL: SELECT COUNT(*) AS tp_count FROM pk_venue Venue  JOIN pk_ucenter_member UcenterMember ON Venue.uid=UcenterMember.id WHERE Venue.status > -1 LIMIT 1   [ RunTime:0.0030s ]
SQL: SELECT Venue.id AS id,Venue.uid AS uid,Venue.name AS name,Venue.status AS status,Venue.created_time AS created_time,Venue.update_time AS update_time,UcenterMember.username AS username,UcenterMember.realname AS realname,UcenterMember.mobile AS mobile,UcenterMember.email AS email FROM pk_venue Venue  JOIN pk_ucenter_member UcenterMember ON Venue.uid=UcenterMember.id WHERE Venue.status > -1 ORDER BY Venue.created_time desc LIMIT 0,10   [ RunTime:0.0011s ]
INFO: [ view_parse ] --START--
INFO: [ template_filter ] --START--
INFO: Run Behavior\ContentReplaceBehavior [ RunTime:0.000184s ]
INFO: [ template_filter ] --END-- [ RunTime:0.000307s ]
NOTIC: [8] Undefined index: reg_time C:\wamp\www\play\Runtime\Cache\Admin\639c4cd33b54b1a8bc70e82178786b92.php 第 93 行.
NOTIC: [8] Undefined index: reg_time C:\wamp\www\play\Runtime\Cache\Admin\639c4cd33b54b1a8bc70e82178786b92.php 第 93 行.
NOTIC: [8] Undefined index: reg_time C:\wamp\www\play\Runtime\Cache\Admin\639c4cd33b54b1a8bc70e82178786b92.php 第 93 行.
NOTIC: [8] Undefined index: reg_time C:\wamp\www\play\Runtime\Cache\Admin\639c4cd33b54b1a8bc70e82178786b92.php 第 93 行.
NOTIC: [8] Undefined index: reg_time C:\wamp\www\play\Runtime\Cache\Admin\639c4cd33b54b1a8bc70e82178786b92.php 第 93 行.
NOTIC: [8] Undefined index: reg_time C:\wamp\www\play\Runtime\Cache\Admin\639c4cd33b54b1a8bc70e82178786b92.php 第 93 行.
NOTIC: [8] Undefined index: reg_time C:\wamp\www\play\Runtime\Cache\Admin\639c4cd33b54b1a8bc70e82178786b92.php 第 93 行.
NOTIC: [8] Undefined index: reg_time C:\wamp\www\play\Runtime\Cache\Admin\639c4cd33b54b1a8bc70e82178786b92.php 第 93 行.
NOTIC: [8] Undefined index: reg_time C:\wamp\www\play\Runtime\Cache\Admin\639c4cd33b54b1a8bc70e82178786b92.php 第 93 行.
NOTIC: [8] Undefined index: reg_time C:\wamp\www\play\Runtime\Cache\Admin\639c4cd33b54b1a8bc70e82178786b92.php 第 93 行.
NOTIC: [8] Undefined variable: remind C:\wamp\www\play\Runtime\Cache\Admin\639c4cd33b54b1a8bc70e82178786b92.php 第 144 行.
INFO: Run Behavior\ParseTemplateBehavior [ RunTime:0.060349s ]
INFO: [ view_parse ] --END-- [ RunTime:0.060484s ]
INFO: [ view_filter ] --START--
INFO: Run Behavior\WriteHtmlCacheBehavior [ RunTime:0.000671s ]
INFO: [ view_filter ] --END-- [ RunTime:0.000799s ]
INFO: [ app_end ] --START--
INFO: Run Behavior\ShowPageTraceBehavior [ RunTime:0.003015s ]
INFO: [ app_end ] --END-- [ RunTime:0.003161s ]

[ 2016-01-02T17:28:24+08:00 ] 127.0.0.1 /admin.php?s=/Tag/index.html
INFO: [ app_init ] --START--
INFO: Run Behavior\BuildLiteBehavior [ RunTime:0.000027s ]
INFO: Run Common\Behavior\InitHookBehavior [ RunTime:0.007169s ]
INFO: [ app_init ] --END-- [ RunTime:0.007904s ]
INFO: [ app_begin ] --START--
INFO: Run Behavior\ReadHtmlCacheBehavior [ RunTime:0.000661s ]
INFO: [ app_begin ] --END-- [ RunTime:0.000787s ]
SQL: SHOW COLUMNS FROM `pk_ucenter_member` [ RunTime:0.0139s ]
SQL: SELECT * FROM `pk_ucenter_member` WHERE `id` = 1 LIMIT 1   [ RunTime:0.0008s ]
SQL: SHOW COLUMNS FROM `pk_message_notices` [ RunTime:0.0074s ]
SQL: SELECT COUNT(*) AS tp_count FROM `pk_message_notices` WHERE `to_admin` = 1 AND `is_ignore` = 0 LIMIT 1   [ RunTime:0.0005s ]
SQL: SHOW COLUMNS FROM `pk_menu` [ RunTime:0.0097s ]
SQL: SELECT `id`,`title`,`alias`,`pid`,`sort`,`url`,`hide`,`tip`,`group`,`is_dev`,`type` FROM `pk_menu` WHERE `pid` = 0 AND `hide` = 0 AND `is_dev` = 0 ORDER BY sort asc  [ RunTime:0.0012s ]
SQL: SELECT DISTINCT  `group` FROM `pk_menu` WHERE `group` <> '' AND `pid` = 1  [ RunTime:0.0008s ]
SQL: SELECT `id`,`url` FROM `pk_menu` WHERE `pid` = 1 AND `hide` = 0 AND `is_dev` = 0  [ RunTime:0.0004s ]
SQL: SELECT `id`,`pid`,`title`,`url`,`tip`,`is_dev` FROM `pk_menu` WHERE `group` = 'Index' AND `pid` = 1 AND `hide` = 0 AND `is_dev` = 0 ORDER BY sort asc  [ RunTime:0.0005s ]
SQL: SELECT DISTINCT  `group` FROM `pk_menu` WHERE `group` <> '' AND `pid` = 49  [ RunTime:0.0012s ]
SQL: SELECT `id`,`url` FROM `pk_menu` WHERE `pid` = 49 AND `hide` = 0 AND `is_dev` = 0  [ RunTime:0.0010s ]
SQL: SELECT `id`,`pid`,`title`,`url`,`tip`,`is_dev` FROM `pk_menu` WHERE `group` = 'Config' AND `pid` = 49 AND `hide` = 0 AND `is_dev` = 0 ORDER BY sort asc  [ RunTime:0.0008s ]
SQL: SELECT DISTINCT  `group` FROM `pk_menu` WHERE `group` <> '' AND `pid` = 2  [ RunTime:0.0007s ]
SQL: SELECT `id`,`url` FROM `pk_menu` WHERE `pid` = 2 AND `hide` = 0 AND `is_dev` = 0  [ RunTime:0.0006s ]
SQL: SELECT `id`,`pid`,`title`,`url`,`tip`,`is_dev` FROM `pk_menu` WHERE `group` = 'User' AND `pid` = 2 AND `hide` = 0 AND `is_dev` = 0 ORDER BY sort asc  [ RunTime:0.0005s ]
SQL: SELECT DISTINCT  `group` FROM `pk_menu` WHERE `group` <> '' AND `pid` = 72  [ RunTime:0.0004s ]
SQL: SELECT `id`,`url` FROM `pk_menu` WHERE `pid` = 72 AND `hide` = 0 AND `is_dev` = 0  [ RunTime:0.0004s ]
SQL: SELECT `id`,`pid`,`title`,`url`,`tip`,`is_dev` FROM `pk_menu` WHERE `group` = 'Business' AND `pid` = 72 AND `hide` = 0 AND `is_dev` = 0 ORDER BY sort asc  [ RunTime:0.0005s ]
SQL: SELECT DISTINCT  `group` FROM `pk_menu` WHERE `group` <> '' AND `pid` = 195  [ RunTime:0.0005s ]
SQL: SELECT `id`,`url` FROM `pk_menu` WHERE `pid` = 195 AND `hide` = 0 AND `is_dev` = 0  [ RunTime:0.0005s ]
SQL: SELECT `id`,`pid`,`title`,`url`,`tip`,`is_dev` FROM `pk_menu` WHERE `group` = 'Funds' AND `pid` = 195 AND `hide` = 0 AND `is_dev` = 0 ORDER BY sort asc  [ RunTime:0.0005s ]
SQL: SELECT DISTINCT  `group` FROM `pk_menu` WHERE `group` <> '' AND `pid` = 43  [ RunTime:0.0006s ]
SQL: SELECT `id`,`url` FROM `pk_menu` WHERE `pid` = 43 AND `hide` = 0 AND `is_dev` = 0  [ RunTime:0.0011s ]
SQL: SELECT `id`,`pid`,`title`,`url`,`tip`,`is_dev` FROM `pk_menu` WHERE `group` = 'Cms' AND `pid` = 43 AND `hide` = 0 AND `is_dev` = 0 ORDER BY sort asc  [ RunTime:0.0012s ]
SQL: SELECT DISTINCT  `group` FROM `pk_menu` WHERE `group` <> '' AND `pid` = 63  [ RunTime:0.0006s ]
SQL: SELECT `id`,`url` FROM `pk_menu` WHERE `pid` = 63 AND `hide` = 0 AND `is_dev` = 0  [ RunTime:0.0005s ]
SQL: SELECT `id`,`pid`,`title`,`url`,`tip`,`is_dev` FROM `pk_menu` WHERE `group` = 'Forum' AND `pid` = 63 AND `hide` = 0 AND `is_dev` = 0 ORDER BY sort asc  [ RunTime:0.0008s ]
SQL: SELECT DISTINCT  `group` FROM `pk_menu` WHERE `group` <> '' AND `pid` = 46  [ RunTime:0.0007s ]
SQL: SELECT `id`,`url` FROM `pk_menu` WHERE `pid` = 46 AND `hide` = 0 AND `is_dev` = 0  [ RunTime:0.0005s ]
SQL: SELECT `id`,`pid`,`title`,`url`,`tip`,`is_dev` FROM `pk_menu` WHERE `group` = 'Addons' AND `pid` = 46 AND `hide` = 0 AND `is_dev` = 0 ORDER BY sort asc  [ RunTime:0.0006s ]
SQL: SHOW COLUMNS FROM `pk_custom` [ RunTime:0.0076s ]
SQL: SELECT `mid` FROM `pk_custom` WHERE `uid` = 1  [ RunTime:0.0005s ]
SQL: SELECT * FROM `pk_menu` WHERE `id` = 45 LIMIT 1   [ RunTime:0.0006s ]
SQL: SHOW COLUMNS FROM `pk_tag` [ RunTime:0.0218s ]
SQL: SELECT COUNT(*) AS tp_count FROM `pk_tag` LIMIT 1   [ RunTime:0.0005s ]
SQL: SELECT `tag_id`,`parent_tag_id`,`tag_name`,`tag_logo`,`ifhot`,`excerpt`,`content_count`,`attention_count`,`hits`,`created_userid`,`created_time`,`iflogo`,`seo_title`,`seo_description`,`seo_keywords`,`icon` FROM `pk_tag` ORDER BY created_time desc LIMIT 0,10   [ RunTime:0.0008s ]
SQL: SHOW COLUMNS FROM `pk_tag_category` [ RunTime:0.0225s ]
NOTIC: [8] Undefined index: mapping_order C:\wamp\www\play\ThinkPHP\Library\Think\Model\RelationModel.class.php 第 186 行.
NOTIC: [8] Undefined index: mapping_limit C:\wamp\www\play\ThinkPHP\Library\Think\Model\RelationModel.class.php 第 187 行.
SQL: SELECT b.* FROM pk_tag_category_relation AS a, pk_tag_category AS b WHERE a.category_id = b.category_id AND a. tag_id='22' [ RunTime:0.0102s ]
NOTIC: [8] Undefined index: mapping_order C:\wamp\www\play\ThinkPHP\Library\Think\Model\RelationModel.class.php 第 186 行.
NOTIC: [8] Undefined index: mapping_limit C:\wamp\www\play\ThinkPHP\Library\Think\Model\RelationModel.class.php 第 187 行.
SQL: SELECT b.* FROM pk_tag_category_relation AS a, pk_tag_category AS b WHERE a.category_id = b.category_id AND a. tag_id='21' [ RunTime:0.0008s ]
NOTIC: [8] Undefined index: mapping_order C:\wamp\www\play\ThinkPHP\Library\Think\Model\RelationModel.class.php 第 186 行.
NOTIC: [8] Undefined index: mapping_limit C:\wamp\www\play\ThinkPHP\Library\Think\Model\RelationModel.class.php 第 187 行.
SQL: SELECT b.* FROM pk_tag_category_relation AS a, pk_tag_category AS b WHERE a.category_id = b.category_id AND a. tag_id='20' [ RunTime:0.0006s ]
NOTIC: [8] Undefined index: mapping_order C:\wamp\www\play\ThinkPHP\Library\Think\Model\RelationModel.class.php 第 186 行.
NOTIC: [8] Undefined index: mapping_limit C:\wamp\www\play\ThinkPHP\Library\Think\Model\RelationModel.class.php 第 187 行.
SQL: SELECT b.* FROM pk_tag_category_relation AS a, pk_tag_category AS b WHERE a.category_id = b.category_id AND a. tag_id='19' [ RunTime:0.0006s ]
NOTIC: [8] Undefined index: mapping_order C:\wamp\www\play\ThinkPHP\Library\Think\Model\RelationModel.class.php 第 186 行.
NOTIC: [8] Undefined index: mapping_limit C:\wamp\www\play\ThinkPHP\Library\Think\Model\RelationModel.class.php 第 187 行.
SQL: SELECT b.* FROM pk_tag_category_relation AS a, pk_tag_category AS b WHERE a.category_id = b.category_id AND a. tag_id='18' [ RunTime:0.0005s ]
NOTIC: [8] Undefined index: mapping_order C:\wamp\www\play\ThinkPHP\Library\Think\Model\RelationModel.class.php 第 186 行.
NOTIC: [8] Undefined index: mapping_limit C:\wamp\www\play\ThinkPHP\Library\Think\Model\RelationModel.class.php 第 187 行.
SQL: SELECT b.* FROM pk_tag_category_relation AS a, pk_tag_category AS b WHERE a.category_id = b.category_id AND a. tag_id='17' [ RunTime:0.0006s ]
NOTIC: [8] Undefined index: mapping_order C:\wamp\www\play\ThinkPHP\Library\Think\Model\RelationModel.class.php 第 186 行.
NOTIC: [8] Undefined index: mapping_limit C:\wamp\www\play\ThinkPHP\Library\Think\Model\RelationModel.class.php 第 187 行.
SQL: SELECT b.* FROM pk_tag_category_relation AS a, pk_tag_category AS b WHERE a.category_id = b.category_id AND a. tag_id='16' [ RunTime:0.0005s ]
NOTIC: [8] Undefined index: mapping_order C:\wamp\www\play\ThinkPHP\Library\Think\Model\RelationModel.class.php 第 186 行.
NOTIC: [8] Undefined index: mapping_limit C:\wamp\www\play\ThinkPHP\Library\Think\Model\RelationModel.class.php 第 187 行.
SQL: SELECT b.* FROM pk_tag_category_relation AS a, pk_tag_category AS b WHERE a.category_id = b.category_id AND a. tag_id='14' [ RunTime:0.0005s ]
NOTIC: [8] Undefined index: mapping_order C:\wamp\www\play\ThinkPHP\Library\Think\Model\RelationModel.class.php 第 186 行.
NOTIC: [8] Undefined index: mapping_limit C:\wamp\www\play\ThinkPHP\Library\Think\Model\RelationModel.class.php 第 187 行.
SQL: SELECT b.* FROM pk_tag_category_relation AS a, pk_tag_category AS b WHERE a.category_id = b.category_id AND a. tag_id='13' [ RunTime:0.0005s ]
NOTIC: [8] Undefined index: mapping_order C:\wamp\www\play\ThinkPHP\Library\Think\Model\RelationModel.class.php 第 186 行.
NOTIC: [8] Undefined index: mapping_limit C:\wamp\www\play\ThinkPHP\Library\Think\Model\RelationModel.class.php 第 187 行.
SQL: SELECT b.* FROM pk_tag_category_relation AS a, pk_tag_category AS b WHERE a.category_id = b.category_id AND a. tag_id='12' [ RunTime:0.0012s ]
SQL: SHOW COLUMNS FROM `pk_tag` [ RunTime:0.0099s ]
SQL: SELECT `tag_name` FROM `pk_tag` WHERE `parent_tag_id` = 22 LIMIT 1   [ RunTime:0.0004s ]
SQL: SELECT `tag_name` FROM `pk_tag` WHERE `parent_tag_id` = 21 LIMIT 1   [ RunTime:0.0003s ]
SQL: SELECT `tag_name` FROM `pk_tag` WHERE `parent_tag_id` = 20 LIMIT 1   [ RunTime:0.0010s ]
SQL: SELECT `tag_name` FROM `pk_tag` WHERE `parent_tag_id` = 19 LIMIT 1   [ RunTime:0.0008s ]
SQL: SELECT `tag_name` FROM `pk_tag` WHERE `parent_tag_id` = 18 LIMIT 1   [ RunTime:0.0007s ]
SQL: SELECT `tag_name` FROM `pk_tag` WHERE `parent_tag_id` = 17 LIMIT 1   [ RunTime:0.0004s ]
SQL: SELECT `tag_name` FROM `pk_tag` WHERE `parent_tag_id` = 16 LIMIT 1   [ RunTime:0.0004s ]
SQL: SELECT `tag_name` FROM `pk_tag` WHERE `parent_tag_id` = 14 LIMIT 1   [ RunTime:0.0003s ]
SQL: SELECT `tag_name` FROM `pk_tag` WHERE `parent_tag_id` = 13 LIMIT 1   [ RunTime:0.0003s ]
SQL: SELECT `tag_name` FROM `pk_tag` WHERE `parent_tag_id` = 12 LIMIT 1   [ RunTime:0.0004s ]
SQL: SHOW COLUMNS FROM `pk_tag_category` [ RunTime:0.0111s ]
SQL: SELECT `category_id`,`category_name` FROM `pk_tag_category`  [ RunTime:0.0005s ]
INFO: [ view_parse ] --START--
INFO: [ template_filter ] --START--
INFO: Run Behavior\ContentReplaceBehavior [ RunTime:0.000321s ]
INFO: [ template_filter ] --END-- [ RunTime:0.000536s ]
NOTIC: [8] Undefined index: cl C:\wamp\www\play\Runtime\Cache\Admin\7c795ebe2e70f62ae37162cd91f6905c.php 第 134 行.
NOTIC: [8] Undefined index: cl C:\wamp\www\play\Runtime\Cache\Admin\7c795ebe2e70f62ae37162cd91f6905c.php 第 134 行.
NOTIC: [8] Undefined index: cl C:\wamp\www\play\Runtime\Cache\Admin\7c795ebe2e70f62ae37162cd91f6905c.php 第 134 行.
NOTIC: [8] Undefined index: cl C:\wamp\www\play\Runtime\Cache\Admin\7c795ebe2e70f62ae37162cd91f6905c.php 第 134 行.
NOTIC: [8] Undefined index: cl C:\wamp\www\play\Runtime\Cache\Admin\7c795ebe2e70f62ae37162cd91f6905c.php 第 134 行.
NOTIC: [8] Undefined index: cl C:\wamp\www\play\Runtime\Cache\Admin\7c795ebe2e70f62ae37162cd91f6905c.php 第 134 行.
NOTIC: [8] Undefined index: cl C:\wamp\www\play\Runtime\Cache\Admin\7c795ebe2e70f62ae37162cd91f6905c.php 第 134 行.
NOTIC: [8] Undefined index: cl C:\wamp\www\play\Runtime\Cache\Admin\7c795ebe2e70f62ae37162cd91f6905c.php 第 134 行.
NOTIC: [8] Undefined variable: remind C:\wamp\www\play\Runtime\Cache\Admin\7c795ebe2e70f62ae37162cd91f6905c.php 第 194 行.
INFO: Run Behavior\ParseTemplateBehavior [ RunTime:0.087366s ]
INFO: [ view_parse ] --END-- [ RunTime:0.087494s ]
INFO: [ view_filter ] --START--
INFO: Run Behavior\WriteHtmlCacheBehavior [ RunTime:0.000769s ]
INFO: [ view_filter ] --END-- [ RunTime:0.000887s ]
INFO: [ app_end ] --START--
INFO: Run Behavior\ShowPageTraceBehavior [ RunTime:0.040287s ]
INFO: [ app_end ] --END-- [ RunTime:0.041375s ]

