[ 2016-01-05T22:19:13+08:00 ] 127.0.0.1 /
INFO: [ app_init ] --START--
INFO: Run Behavior\BuildLiteBehavior [ RunTime:0.000031s ]
INFO: Run Common\Behavior\InitHookBehavior [ RunTime:0.004994s ]
INFO: [ app_init ] --END-- [ RunTime:0.006086s ]
INFO: [ app_begin ] --START--
INFO: Run Behavior\ReadHtmlCacheBehavior [ RunTime:0.000840s ]
INFO: [ app_begin ] --END-- [ RunTime:0.001123s ]
SQL: SHOW COLUMNS FROM `pk_config` [ RunTime:0.0356s ]
SQL: SELECT `type`,`name`,`value` FROM `pk_config` WHERE `status` = 1  [ RunTime:0.0013s ]
SQL: SHOW COLUMNS FROM `pk_message_notices` [ RunTime:0.0294s ]
SQL: SELECT COUNT(*) AS tp_count FROM `pk_message_notices` WHERE `uid` = 0 AND `is_read` = 0 LIMIT 1   [ RunTime:0.0006s ]
SQL: SHOW COLUMNS FROM `pk_nav` [ RunTime:0.0264s ]
SQL: SELECT `id`,`parentid`,`rootid`,`type`,`sign`,`name`,`style`,`link`,`alt`,`image`,`tags`,`target`,`isshow`,`orderid`,`create_time`,`update_time` FROM `pk_nav` WHERE `isshow` = 1 AND `type` = 0 ORDER BY orderid  [ RunTime:0.0012s ]
SQL: SELECT `id`,`parentid`,`rootid`,`type`,`sign`,`name`,`style`,`link`,`alt`,`image`,`tags`,`target`,`isshow`,`orderid`,`create_time`,`update_time` FROM `pk_nav` WHERE `isshow` = 1 AND `type` = 1 ORDER BY orderid  [ RunTime:0.0012s ]
SQL: SHOW COLUMNS FROM `pk_items` [ RunTime:0.0080s ]
SQL: SELECT * FROM `pk_items` WHERE `status` = 1  [ RunTime:0.0007s ]
INFO: [ view_parse ] --START--
INFO: [ template_filter ] --START--
INFO: Run Behavior\ContentReplaceBehavior [ RunTime:0.000116s ]
INFO: [ template_filter ] --END-- [ RunTime:0.000232s ]
NOTIC: [8] Undefined index: hover C:\wamp\www\play\Runtime\Cache\Index\73045c467e37df90056841fafa97453f.php 第 51 行.
NOTIC: [8] Undefined index: hover C:\wamp\www\play\Runtime\Cache\Index\73045c467e37df90056841fafa97453f.php 第 51 行.
INFO: Run Behavior\ParseTemplateBehavior [ RunTime:0.055507s ]
INFO: [ view_parse ] --END-- [ RunTime:0.055647s ]
INFO: [ view_filter ] --START--
INFO: Run Behavior\WriteHtmlCacheBehavior [ RunTime:0.000674s ]
INFO: [ view_filter ] --END-- [ RunTime:0.000782s ]
INFO: [ app_end ] --START--
INFO: Run Behavior\ShowPageTraceBehavior [ RunTime:0.000677s ]
INFO: [ app_end ] --END-- [ RunTime:0.000799s ]

