[ 2016-01-04T09:30:22+08:00 ] 127.0.0.1 /
INFO: [ app_init ] --START--
INFO: Run Behavior\BuildLiteBehavior [ RunTime:0.000027s ]
INFO: Run Common\Behavior\InitHookBehavior [ RunTime:0.002387s ]
INFO: [ app_init ] --END-- [ RunTime:0.002934s ]
INFO: [ app_begin ] --START--
INFO: Run Behavior\ReadHtmlCacheBehavior [ RunTime:0.000702s ]
INFO: [ app_begin ] --END-- [ RunTime:0.000916s ]
SQL: SHOW COLUMNS FROM `pk_config` [ RunTime:0.0344s ]
SQL: SELECT `type`,`name`,`value` FROM `pk_config` WHERE `status` = 1  [ RunTime:0.0034s ]
SQL: SHOW COLUMNS FROM `pk_message_notices` [ RunTime:0.0296s ]
SQL: SELECT COUNT(*) AS tp_count FROM `pk_message_notices` WHERE `uid` = 0 AND `is_read` = 0 LIMIT 1   [ RunTime:0.0086s ]
SQL: SHOW COLUMNS FROM `pk_nav` [ RunTime:0.0241s ]
SQL: SELECT `id`,`parentid`,`rootid`,`type`,`sign`,`name`,`style`,`link`,`alt`,`image`,`tags`,`target`,`isshow`,`orderid`,`create_time`,`update_time` FROM `pk_nav` WHERE `isshow` = 1 AND `type` = 0 ORDER BY orderid  [ RunTime:0.0014s ]
SQL: SELECT `id`,`parentid`,`rootid`,`type`,`sign`,`name`,`style`,`link`,`alt`,`image`,`tags`,`target`,`isshow`,`orderid`,`create_time`,`update_time` FROM `pk_nav` WHERE `isshow` = 1 AND `type` = 1 ORDER BY orderid  [ RunTime:0.0005s ]
SQL: SHOW COLUMNS FROM `pk_items` [ RunTime:0.0196s ]
SQL: SELECT * FROM `pk_items` WHERE `status` = 1  [ RunTime:0.0012s ]
INFO: [ view_parse ] --START--
INFO: [ template_filter ] --START--
INFO: Run Behavior\ContentReplaceBehavior [ RunTime:0.000134s ]
INFO: [ template_filter ] --END-- [ RunTime:0.000270s ]
NOTIC: [8] Undefined index: hover C:\wamp\www\play\Runtime\Cache\Index\73045c467e37df90056841fafa97453f.php 第 51 行.
NOTIC: [8] Undefined index: hover C:\wamp\www\play\Runtime\Cache\Index\73045c467e37df90056841fafa97453f.php 第 51 行.
INFO: Run Behavior\ParseTemplateBehavior [ RunTime:0.067554s ]
INFO: [ view_parse ] --END-- [ RunTime:0.067693s ]
INFO: [ view_filter ] --START--
INFO: Run Behavior\WriteHtmlCacheBehavior [ RunTime:0.000503s ]
INFO: [ view_filter ] --END-- [ RunTime:0.000615s ]
INFO: [ app_end ] --START--
INFO: Run Behavior\ShowPageTraceBehavior [ RunTime:0.000709s ]
INFO: [ app_end ] --END-- [ RunTime:0.000836s ]

[ 2016-01-04T15:35:42+08:00 ] 127.0.0.1 /
INFO: [ app_init ] --START--
INFO: Run Behavior\BuildLiteBehavior [ RunTime:0.000070s ]
INFO: Run Common\Behavior\InitHookBehavior [ RunTime:0.006264s ]
INFO: [ app_init ] --END-- [ RunTime:0.008046s ]
INFO: [ app_begin ] --START--
INFO: Run Behavior\ReadHtmlCacheBehavior [ RunTime:0.001036s ]
INFO: [ app_begin ] --END-- [ RunTime:0.001185s ]
SQL: SHOW COLUMNS FROM `pk_config` [ RunTime:0.0192s ]
SQL: SELECT `type`,`name`,`value` FROM `pk_config` WHERE `status` = 1  [ RunTime:0.0018s ]
SQL: SHOW COLUMNS FROM `pk_message_notices` [ RunTime:0.0143s ]
SQL: SELECT COUNT(*) AS tp_count FROM `pk_message_notices` WHERE `uid` = 0 AND `is_read` = 0 LIMIT 1   [ RunTime:0.0067s ]
SQL: SHOW COLUMNS FROM `pk_nav` [ RunTime:0.0103s ]
SQL: SELECT `id`,`parentid`,`rootid`,`type`,`sign`,`name`,`style`,`link`,`alt`,`image`,`tags`,`target`,`isshow`,`orderid`,`create_time`,`update_time` FROM `pk_nav` WHERE `isshow` = 1 AND `type` = 0 ORDER BY orderid  [ RunTime:0.0014s ]
SQL: SELECT `id`,`parentid`,`rootid`,`type`,`sign`,`name`,`style`,`link`,`alt`,`image`,`tags`,`target`,`isshow`,`orderid`,`create_time`,`update_time` FROM `pk_nav` WHERE `isshow` = 1 AND `type` = 1 ORDER BY orderid  [ RunTime:0.0008s ]
SQL: SHOW COLUMNS FROM `pk_items` [ RunTime:0.0107s ]
SQL: SELECT * FROM `pk_items` WHERE `status` = 1  [ RunTime:0.0005s ]
INFO: [ view_parse ] --START--
INFO: [ template_filter ] --START--
INFO: Run Behavior\ContentReplaceBehavior [ RunTime:0.000122s ]
INFO: [ template_filter ] --END-- [ RunTime:0.000247s ]
NOTIC: [8] Undefined index: hover C:\wamp\www\play\Runtime\Cache\Index\73045c467e37df90056841fafa97453f.php 第 51 行.
NOTIC: [8] Undefined index: hover C:\wamp\www\play\Runtime\Cache\Index\73045c467e37df90056841fafa97453f.php 第 51 行.
INFO: Run Behavior\ParseTemplateBehavior [ RunTime:0.065599s ]
INFO: [ view_parse ] --END-- [ RunTime:0.065778s ]
INFO: [ view_filter ] --START--
INFO: Run Behavior\WriteHtmlCacheBehavior [ RunTime:0.001928s ]
INFO: [ view_filter ] --END-- [ RunTime:0.002073s ]
INFO: [ app_end ] --START--
INFO: Run Behavior\ShowPageTraceBehavior [ RunTime:0.002742s ]
INFO: [ app_end ] --END-- [ RunTime:0.002930s ]

