[ 2016-01-02T17:25:13+08:00 ] 127.0.0.1 /play.php
INFO: [ app_init ] --START--
INFO: Run Behavior\BuildLiteBehavior [ RunTime:0.000029s ]
INFO: Run Common\Behavior\InitHookBehavior [ RunTime:0.004003s ]
INFO: [ app_init ] --END-- [ RunTime:0.004712s ]
INFO: [ app_begin ] --START--
INFO: Run Behavior\ReadHtmlCacheBehavior [ RunTime:0.000877s ]
INFO: [ app_begin ] --END-- [ RunTime:0.001025s ]

[ 2016-01-02T17:25:13+08:00 ] 127.0.0.1 /play.php?s=/Public/login.html
INFO: [ app_init ] --START--
INFO: Run Behavior\BuildLiteBehavior [ RunTime:0.000028s ]
INFO: Run Common\Behavior\InitHookBehavior [ RunTime:0.002317s ]
INFO: [ app_init ] --END-- [ RunTime:0.002953s ]
INFO: [ app_begin ] --START--
INFO: Run Behavior\ReadHtmlCacheBehavior [ RunTime:0.000767s ]
INFO: [ app_begin ] --END-- [ RunTime:0.000895s ]
INFO: [ view_parse ] --START--
INFO: [ template_filter ] --START--
INFO: Run Behavior\ContentReplaceBehavior [ RunTime:0.000410s ]
INFO: [ template_filter ] --END-- [ RunTime:0.000731s ]
INFO: Run Behavior\ParseTemplateBehavior [ RunTime:0.020572s ]
INFO: [ view_parse ] --END-- [ RunTime:0.021011s ]
INFO: [ view_filter ] --START--
INFO: Run Behavior\WriteHtmlCacheBehavior [ RunTime:0.000670s ]
INFO: [ view_filter ] --END-- [ RunTime:0.000782s ]
INFO: [ app_end ] --START--
INFO: Run Behavior\ShowPageTraceBehavior [ RunTime:0.000865s ]
INFO: [ app_end ] --END-- [ RunTime:0.000976s ]

[ 2016-01-02T17:26:33+08:00 ] 127.0.0.1 /play.php
INFO: [ app_init ] --START--
INFO: Run Behavior\BuildLiteBehavior [ RunTime:0.000085s ]
INFO: Run Common\Behavior\InitHookBehavior [ RunTime:0.004504s ]
INFO: [ app_init ] --END-- [ RunTime:0.005574s ]
INFO: [ app_begin ] --START--
INFO: Run Behavior\ReadHtmlCacheBehavior [ RunTime:0.001112s ]
INFO: [ app_begin ] --END-- [ RunTime:0.001409s ]

[ 2016-01-02T17:26:33+08:00 ] 127.0.0.1 /play.php?s=/Public/login.html
INFO: [ app_init ] --START--
INFO: Run Behavior\BuildLiteBehavior [ RunTime:0.000122s ]
INFO: Run Common\Behavior\InitHookBehavior [ RunTime:0.003507s ]
INFO: [ app_init ] --END-- [ RunTime:0.004779s ]
INFO: [ app_begin ] --START--
INFO: Run Behavior\ReadHtmlCacheBehavior [ RunTime:0.000709s ]
INFO: [ app_begin ] --END-- [ RunTime:0.000836s ]
INFO: [ view_parse ] --START--
INFO: [ template_filter ] --START--
INFO: Run Behavior\ContentReplaceBehavior [ RunTime:0.000101s ]
INFO: [ template_filter ] --END-- [ RunTime:0.000228s ]
INFO: Run Behavior\ParseTemplateBehavior [ RunTime:0.010398s ]
INFO: [ view_parse ] --END-- [ RunTime:0.010530s ]
INFO: [ view_filter ] --START--
INFO: Run Behavior\WriteHtmlCacheBehavior [ RunTime:0.000670s ]
INFO: [ view_filter ] --END-- [ RunTime:0.000778s ]
INFO: [ app_end ] --START--
INFO: Run Behavior\ShowPageTraceBehavior [ RunTime:0.001064s ]
INFO: [ app_end ] --END-- [ RunTime:0.001176s ]

[ 2016-01-02T17:26:38+08:00 ] 127.0.0.1 /play.php?s=/Public/login.html
INFO: [ app_init ] --START--
INFO: Run Behavior\BuildLiteBehavior [ RunTime:0.000031s ]
INFO: Run Common\Behavior\InitHookBehavior [ RunTime:0.002001s ]
INFO: [ app_init ] --END-- [ RunTime:0.002598s ]
INFO: [ app_begin ] --START--
INFO: Run Behavior\ReadHtmlCacheBehavior [ RunTime:0.000785s ]
INFO: [ app_begin ] --END-- [ RunTime:0.000978s ]
NOTIC: [8] Undefined index: lite C:\wamp\www\play\ThinkPHP\Library\Think\Db.class.php 第 37 行.
SQL: SHOW COLUMNS FROM `pk_member` [ RunTime:0.0149s ]
SQL: SELECT `uid`,`nickname`,`sex`,`birthday`,`qq`,`score`,`login`,`reg_ip`,`reg_time`,`last_login_ip`,`last_login_time`,`status`,`regreason`,`groupid`,`memberid`,`mobile`,`notices`,`icon`,`img`,`is_venue` FROM `pk_member` WHERE `uid` = 419 LIMIT 1   [ RunTime:0.0006s ]
SQL: SHOW COLUMNS FROM `pk_action` [ RunTime:0.0139s ]
SQL: SELECT * FROM `pk_action` WHERE `name` = 'user_login' LIMIT 1   [ RunTime:0.0005s ]
SQL: SHOW COLUMNS FROM `pk_member` [ RunTime:0.0061s ]
SQL: SELECT `nickname` FROM `pk_member` WHERE `uid` = 419 LIMIT 1   [ RunTime:0.0003s ]
SQL: SHOW COLUMNS FROM `pk_action_log` [ RunTime:0.0077s ]
SQL: INSERT INTO `pk_action_log` (`action_id`,`user_id`,`action_ip`,`model`,`record_id`,`create_time`,`remark`) VALUES ('1','419','2130706433','member','419','1451726798','f8在2016-01-02 17:26登录了后台') [ RunTime:0.0008s ]
SQL: SELECT * FROM `pk_action` WHERE `name` = 'user_login' LIMIT 1   [ RunTime:0.0011s ]
NOTIC: [8] Undefined offset: 1 C:\wamp\www\play\Application\Common\Common\function.php 第 694 行.
NOTIC: [2] array_key_exists() expects parameter 2 to be array, null given C:\wamp\www\play\Application\Common\Common\function.php 第 694 行.
SQL: SELECT COUNT(*) AS tp_count FROM `pk_action_log` WHERE `action_id` = 1 AND `user_id` = 419 AND `create_time` > 1451640398 LIMIT 1   [ RunTime:0.0006s ]
SQL: UPDATE `pk_member` SET `score`=score+10 WHERE ( uid=419 AND status>-1 ) [ RunTime:0.0006s ]
SQL: UPDATE `pk_member` SET `login`=`login`+1,`last_login_time`='1451726798',`last_login_ip`='2130706433' WHERE `uid` = 419 [ RunTime:0.0005s ]
INFO: [ view_parse ] --START--
INFO: [ template_filter ] --START--
INFO: Run Behavior\ContentReplaceBehavior [ RunTime:0.000087s ]
INFO: [ template_filter ] --END-- [ RunTime:0.000205s ]
INFO: Run Behavior\ParseTemplateBehavior [ RunTime:0.020768s ]
INFO: [ view_parse ] --END-- [ RunTime:0.020913s ]
INFO: [ view_filter ] --START--
INFO: Run Behavior\WriteHtmlCacheBehavior [ RunTime:0.001051s ]
INFO: [ view_filter ] --END-- [ RunTime:0.001177s ]
INFO: [ app_end ] --START--
INFO: Run Behavior\ShowPageTraceBehavior [ RunTime:0.000799s ]
INFO: [ app_end ] --END-- [ RunTime:0.000916s ]

[ 2016-01-02T17:26:40+08:00 ] 127.0.0.1 /play.php?s=/Index/index.html
INFO: [ app_init ] --START--
INFO: Run Behavior\BuildLiteBehavior [ RunTime:0.000030s ]
INFO: Run Common\Behavior\InitHookBehavior [ RunTime:0.004301s ]
INFO: [ app_init ] --END-- [ RunTime:0.004982s ]
INFO: [ app_begin ] --START--
INFO: Run Behavior\ReadHtmlCacheBehavior [ RunTime:0.001021s ]
INFO: [ app_begin ] --END-- [ RunTime:0.001191s ]
SQL: SHOW COLUMNS FROM `pk_ucenter_member` [ RunTime:0.0113s ]
SQL: SELECT * FROM `pk_ucenter_member` WHERE `id` = 419 LIMIT 1   [ RunTime:0.0007s ]
SQL: SHOW COLUMNS FROM `pk_venue` [ RunTime:0.0115s ]
SQL: SELECT * FROM `pk_venue` WHERE `uid` = 419 LIMIT 1   [ RunTime:0.0007s ]
SQL: SHOW COLUMNS FROM `pk_venue_items` [ RunTime:0.0131s ]
SQL: SELECT COUNT(*) AS tp_count FROM `pk_venue_items` WHERE `vid` = 412 LIMIT 1   [ RunTime:0.0006s ]
SQL: SHOW COLUMNS FROM `pk_venue_block` [ RunTime:0.0149s ]
SQL: SELECT COUNT(*) AS tp_count FROM `pk_venue_block` WHERE `vid` = 412 LIMIT 1   [ RunTime:0.0005s ]
SQL: SHOW COLUMNS FROM `pk_orders` [ RunTime:0.0204s ]
SQL: SELECT COUNT(*) AS tp_count FROM `pk_orders` WHERE `vid` = 412 LIMIT 1   [ RunTime:0.0005s ]
SQL: SHOW COLUMNS FROM `pk_locks` [ RunTime:0.0168s ]
SQL: SELECT COUNT(*) AS tp_count FROM `pk_locks` WHERE `vid` = 412 LIMIT 1   [ RunTime:0.0005s ]
SQL: SELECT COUNT(*) AS tp_count FROM `pk_orders` WHERE `vid` = 412 AND `status` = 8 LIMIT 1   [ RunTime:0.0005s ]
SQL: SHOW COLUMNS FROM `pk_venue_album` [ RunTime:0.0135s ]
SQL: SHOW COLUMNS FROM `pk_picture` [ RunTime:0.0087s ]
SQL: SELECT VenueAlbum.id AS id,VenueAlbum.vid AS vid,VenueAlbum.pid AS pid,VenueAlbum.types AS types,VenueAlbum.status AS status,Picture.path AS path,Picture.create_time AS create_time FROM pk_venue_album VenueAlbum  JOIN pk_picture Picture ON VenueAlbum.pid=Picture.id WHERE VenueAlbum.vid = '412' AND VenueAlbum.status = 1 AND VenueAlbum.types = 1 LIMIT 1   [ RunTime:0.0010s ]
NOTIC: [8] Undefined offset: 0 C:\wamp\www\play\Application\Ground\Controller\AdminController.class.php 第 84 行.
NOTIC: [8] Undefined offset: 0 C:\wamp\www\play\Application\Ground\Controller\AdminController.class.php 第 85 行.
NOTIC: [8] Use of undefined constant IS_ROOT - assumed 'IS_ROOT' C:\wamp\www\play\Application\Ground\Controller\AdminController.class.php 第 87 行.
SQL: SHOW COLUMNS FROM `pk_items` [ RunTime:0.0081s ]
SQL: SELECT VenueItems.id AS id,VenueItems.vid AS vid,VenueItems.items_id AS items_id,VenueItems.start AS start,VenueItems.end AS end,VenueItems.price AS price,VenueItems.duration AS duration,VenueItems.num AS num,VenueItems.status AS status,VenueItems.created_time AS created_time,VenueItems.update_time AS update_time,Items.name AS name,Items.icon AS icon FROM pk_venue_items VenueItems  JOIN pk_items Items ON VenueItems.items_id=Items.id WHERE VenueItems.vid = '412'  [ RunTime:0.0006s ]
SQL: SELECT VenueAlbum.id AS id,VenueAlbum.vid AS vid,VenueAlbum.pid AS pid,VenueAlbum.types AS types,VenueAlbum.status AS status,Picture.path AS path,Picture.create_time AS create_time FROM pk_venue_album VenueAlbum  JOIN pk_picture Picture ON VenueAlbum.pid=Picture.id WHERE VenueAlbum.vid = '412' AND VenueAlbum.status = 1 AND VenueAlbum.types = 0  [ RunTime:0.0005s ]
INFO: [ view_parse ] --START--
INFO: [ template_filter ] --START--
INFO: Run Behavior\ContentReplaceBehavior [ RunTime:0.001028s ]
INFO: [ template_filter ] --END-- [ RunTime:0.001280s ]
NOTIC: [8] Undefined variable: setA C:\wamp\www\play\Runtime\Cache\Ground\c2f94ca0be1abc98c0bc1df49e4fc2ed.php 第 119 行.
NOTIC: [8] Undefined variable: setB C:\wamp\www\play\Runtime\Cache\Ground\c2f94ca0be1abc98c0bc1df49e4fc2ed.php 第 145 行.
NOTIC: [8] Undefined variable: setC C:\wamp\www\play\Runtime\Cache\Ground\c2f94ca0be1abc98c0bc1df49e4fc2ed.php 第 171 行.
NOTIC: [8] Undefined variable: album C:\wamp\www\play\Runtime\Cache\Ground\c2f94ca0be1abc98c0bc1df49e4fc2ed.php 第 362 行.
NOTIC: [8] Undefined variable: my_services C:\wamp\www\play\Runtime\Cache\Ground\c2f94ca0be1abc98c0bc1df49e4fc2ed.php 第 473 行.
NOTIC: [8] Undefined variable: startDate C:\wamp\www\play\Runtime\Cache\Ground\c2f94ca0be1abc98c0bc1df49e4fc2ed.php 第 783 行.
NOTIC: [8] Undefined variable: endDate C:\wamp\www\play\Runtime\Cache\Ground\c2f94ca0be1abc98c0bc1df49e4fc2ed.php 第 784 行.
INFO: Run Behavior\ParseTemplateBehavior [ RunTime:0.145341s ]
INFO: [ view_parse ] --END-- [ RunTime:0.145485s ]
INFO: [ view_filter ] --START--
INFO: Run Behavior\WriteHtmlCacheBehavior [ RunTime:0.000727s ]
INFO: [ view_filter ] --END-- [ RunTime:0.000834s ]
INFO: [ app_end ] --START--
INFO: Run Behavior\ShowPageTraceBehavior [ RunTime:0.002940s ]
INFO: [ app_end ] --END-- [ RunTime:0.003149s ]

[ 2016-01-02T17:27:03+08:00 ] 127.0.0.1 /play.php?s=/Index/uploadimg.html
INFO: [ app_init ] --START--
INFO: Run Behavior\BuildLiteBehavior [ RunTime:0.000026s ]
INFO: Run Common\Behavior\InitHookBehavior [ RunTime:0.009745s ]
INFO: [ app_init ] --END-- [ RunTime:0.010462s ]
INFO: [ app_begin ] --START--
INFO: Run Behavior\ReadHtmlCacheBehavior [ RunTime:0.000564s ]
INFO: [ app_begin ] --END-- [ RunTime:0.000698s ]
SQL: SHOW COLUMNS FROM `pk_ucenter_member` [ RunTime:0.0180s ]
SQL: SELECT * FROM `pk_ucenter_member` WHERE `id` = 419 LIMIT 1   [ RunTime:0.0007s ]
SQL: SHOW COLUMNS FROM `pk_venue` [ RunTime:0.0125s ]
SQL: SELECT * FROM `pk_venue` WHERE `uid` = 419 LIMIT 1   [ RunTime:0.0006s ]
SQL: SHOW COLUMNS FROM `pk_venue_items` [ RunTime:0.0085s ]
SQL: SELECT COUNT(*) AS tp_count FROM `pk_venue_items` WHERE `vid` = 412 LIMIT 1   [ RunTime:0.0008s ]
SQL: SHOW COLUMNS FROM `pk_venue_block` [ RunTime:0.0093s ]
SQL: SELECT COUNT(*) AS tp_count FROM `pk_venue_block` WHERE `vid` = 412 LIMIT 1   [ RunTime:0.0005s ]
SQL: SHOW COLUMNS FROM `pk_orders` [ RunTime:0.0142s ]
SQL: SELECT COUNT(*) AS tp_count FROM `pk_orders` WHERE `vid` = 412 LIMIT 1   [ RunTime:0.0005s ]
SQL: SHOW COLUMNS FROM `pk_locks` [ RunTime:0.0104s ]
SQL: SELECT COUNT(*) AS tp_count FROM `pk_locks` WHERE `vid` = 412 LIMIT 1   [ RunTime:0.0006s ]
SQL: SELECT COUNT(*) AS tp_count FROM `pk_orders` WHERE `vid` = 412 AND `status` = 8 LIMIT 1   [ RunTime:0.0005s ]
SQL: SHOW COLUMNS FROM `pk_venue_album` [ RunTime:0.0082s ]
SQL: SHOW COLUMNS FROM `pk_picture` [ RunTime:0.0097s ]
SQL: SELECT VenueAlbum.id AS id,VenueAlbum.vid AS vid,VenueAlbum.pid AS pid,VenueAlbum.types AS types,VenueAlbum.status AS status,Picture.path AS path,Picture.create_time AS create_time FROM pk_venue_album VenueAlbum  JOIN pk_picture Picture ON VenueAlbum.pid=Picture.id WHERE VenueAlbum.vid = '412' AND VenueAlbum.status = 1 AND VenueAlbum.types = 1 LIMIT 1   [ RunTime:0.0005s ]
NOTIC: [8] Undefined offset: 0 C:\wamp\www\play\Application\Ground\Controller\AdminController.class.php 第 84 行.
NOTIC: [8] Undefined offset: 0 C:\wamp\www\play\Application\Ground\Controller\AdminController.class.php 第 85 行.
NOTIC: [8] Use of undefined constant IS_ROOT - assumed 'IS_ROOT' C:\wamp\www\play\Application\Ground\Controller\AdminController.class.php 第 87 行.
SQL: SELECT * FROM `pk_picture` WHERE `md5` = '407cad0189ead44b9eb0d0c81e0feb9a' AND `sha1` = 'e378a7579e69fc34c7adfd655b8d147fbc702e56' LIMIT 1   [ RunTime:0.0015s ]
SQL: INSERT INTO `pk_picture` (`path`,`md5`,`sha1`,`status`,`create_time`) VALUES ('/Uploads/Venue/412.png','407cad0189ead44b9eb0d0c81e0feb9a','e378a7579e69fc34c7adfd655b8d147fbc702e56','1','1451726822') [ RunTime:0.0011s ]
SQL: SELECT * FROM `pk_venue_album` WHERE `vid` = 412 AND `types` = 1 LIMIT 1   [ RunTime:0.0018s ]
SQL: INSERT INTO `pk_venue_album` (`vid`,`pid`,`types`) VALUES ('412','2011','1') [ RunTime:0.1273s ]

[ 2016-01-02T17:46:10+08:00 ] 127.0.0.1 /play.php?s=/Setting/index.html
INFO: [ app_init ] --START--
INFO: Run Behavior\BuildLiteBehavior [ RunTime:0.000029s ]
INFO: Run Common\Behavior\InitHookBehavior [ RunTime:0.003431s ]
INFO: [ app_init ] --END-- [ RunTime:0.004275s ]
INFO: [ app_begin ] --START--
INFO: Run Behavior\ReadHtmlCacheBehavior [ RunTime:0.000770s ]
INFO: [ app_begin ] --END-- [ RunTime:0.000904s ]
SQL: SHOW COLUMNS FROM `pk_ucenter_member` [ RunTime:0.0141s ]
SQL: SELECT * FROM `pk_ucenter_member` WHERE `id` = 419 LIMIT 1   [ RunTime:0.0008s ]
SQL: SHOW COLUMNS FROM `pk_venue` [ RunTime:0.0114s ]
SQL: SELECT * FROM `pk_venue` WHERE `uid` = 419 LIMIT 1   [ RunTime:0.0015s ]
SQL: SHOW COLUMNS FROM `pk_venue_items` [ RunTime:0.0104s ]
SQL: SELECT COUNT(*) AS tp_count FROM `pk_venue_items` WHERE `vid` = 412 LIMIT 1   [ RunTime:0.0006s ]
SQL: SHOW COLUMNS FROM `pk_venue_block` [ RunTime:0.0109s ]
SQL: SELECT COUNT(*) AS tp_count FROM `pk_venue_block` WHERE `vid` = 412 LIMIT 1   [ RunTime:0.0005s ]
SQL: SHOW COLUMNS FROM `pk_orders` [ RunTime:0.0085s ]
SQL: SELECT COUNT(*) AS tp_count FROM `pk_orders` WHERE `vid` = 412 LIMIT 1   [ RunTime:0.0006s ]
SQL: SHOW COLUMNS FROM `pk_locks` [ RunTime:0.0091s ]
SQL: SELECT COUNT(*) AS tp_count FROM `pk_locks` WHERE `vid` = 412 LIMIT 1   [ RunTime:0.0006s ]
SQL: SELECT COUNT(*) AS tp_count FROM `pk_orders` WHERE `vid` = 412 AND `status` = 8 LIMIT 1   [ RunTime:0.0008s ]
SQL: SHOW COLUMNS FROM `pk_venue_album` [ RunTime:0.0120s ]
SQL: SHOW COLUMNS FROM `pk_picture` [ RunTime:0.0100s ]
SQL: SELECT VenueAlbum.id AS id,VenueAlbum.vid AS vid,VenueAlbum.pid AS pid,VenueAlbum.types AS types,VenueAlbum.status AS status,Picture.path AS path,Picture.create_time AS create_time FROM pk_venue_album VenueAlbum  JOIN pk_picture Picture ON VenueAlbum.pid=Picture.id WHERE VenueAlbum.vid = '412' AND VenueAlbum.status = 1 AND VenueAlbum.types = 1 LIMIT 1   [ RunTime:0.0012s ]
NOTIC: [8] Undefined offset: 0 C:\wamp\www\play\Application\Ground\Controller\AdminController.class.php 第 84 行.
NOTIC: [8] Undefined offset: 0 C:\wamp\www\play\Application\Ground\Controller\AdminController.class.php 第 85 行.
NOTIC: [8] Use of undefined constant IS_ROOT - assumed 'IS_ROOT' C:\wamp\www\play\Application\Ground\Controller\AdminController.class.php 第 87 行.
SQL: SELECT VenueAlbum.id AS id,VenueAlbum.vid AS vid,VenueAlbum.pid AS pid,VenueAlbum.types AS types,VenueAlbum.status AS status,Picture.path AS path,Picture.create_time AS create_time FROM pk_venue_album VenueAlbum  JOIN pk_picture Picture ON VenueAlbum.pid=Picture.id WHERE VenueAlbum.vid = '412' AND VenueAlbum.status = 1 AND VenueAlbum.types = 0  [ RunTime:0.0006s ]
SQL: SHOW COLUMNS FROM `pk_items` [ RunTime:0.0180s ]
SQL: SELECT VenueItems.id AS id,VenueItems.vid AS vid,VenueItems.items_id AS items_id,VenueItems.start AS start,VenueItems.end AS end,VenueItems.price AS price,VenueItems.duration AS duration,VenueItems.num AS num,VenueItems.status AS status,VenueItems.created_time AS created_time,VenueItems.update_time AS update_time,Items.name AS name,Items.icon AS icon FROM pk_venue_items VenueItems  JOIN pk_items Items ON VenueItems.items_id=Items.id WHERE VenueItems.vid = '412'  [ RunTime:0.0006s ]
INFO: [ view_parse ] --START--
INFO: [ template_filter ] --START--
INFO: Run Behavior\ContentReplaceBehavior [ RunTime:0.000396s ]
INFO: [ template_filter ] --END-- [ RunTime:0.000521s ]
NOTIC: [8] Undefined variable: setA C:\wamp\www\play\Runtime\Cache\Ground\76df2d32004eb0ddf1f5c192fa2b4fb9.php 第 116 行.
NOTIC: [8] Undefined variable: setB C:\wamp\www\play\Runtime\Cache\Ground\76df2d32004eb0ddf1f5c192fa2b4fb9.php 第 142 行.
NOTIC: [8] Undefined variable: setC C:\wamp\www\play\Runtime\Cache\Ground\76df2d32004eb0ddf1f5c192fa2b4fb9.php 第 168 行.
NOTIC: [8] Undefined variable: my_services C:\wamp\www\play\Runtime\Cache\Ground\76df2d32004eb0ddf1f5c192fa2b4fb9.php 第 367 行.
NOTIC: [8] Undefined variable: my_services C:\wamp\www\play\Runtime\Cache\Ground\76df2d32004eb0ddf1f5c192fa2b4fb9.php 第 495 行.
INFO: Run Behavior\ParseTemplateBehavior [ RunTime:0.086024s ]
INFO: [ view_parse ] --END-- [ RunTime:0.086166s ]
INFO: [ view_filter ] --START--
INFO: Run Behavior\WriteHtmlCacheBehavior [ RunTime:0.001475s ]
INFO: [ view_filter ] --END-- [ RunTime:0.001620s ]
INFO: [ app_end ] --START--
INFO: Run Behavior\ShowPageTraceBehavior [ RunTime:0.001275s ]
INFO: [ app_end ] --END-- [ RunTime:0.001482s ]

[ 2016-01-02T17:47:34+08:00 ] 127.0.0.1 /play.php?s=/Setting/index.html
INFO: [ app_init ] --START--
INFO: Run Behavior\BuildLiteBehavior [ RunTime:0.000027s ]
INFO: Run Common\Behavior\InitHookBehavior [ RunTime:0.002965s ]
INFO: [ app_init ] --END-- [ RunTime:0.003678s ]
INFO: [ app_begin ] --START--
INFO: Run Behavior\ReadHtmlCacheBehavior [ RunTime:0.000760s ]
INFO: [ app_begin ] --END-- [ RunTime:0.000964s ]
SQL: SHOW COLUMNS FROM `pk_ucenter_member` [ RunTime:0.0120s ]
SQL: SELECT * FROM `pk_ucenter_member` WHERE `id` = 419 LIMIT 1   [ RunTime:0.0007s ]
SQL: SHOW COLUMNS FROM `pk_venue` [ RunTime:0.0106s ]
SQL: SELECT * FROM `pk_venue` WHERE `uid` = 419 LIMIT 1   [ RunTime:0.0007s ]
SQL: SHOW COLUMNS FROM `pk_venue_items` [ RunTime:0.0075s ]
SQL: SELECT COUNT(*) AS tp_count FROM `pk_venue_items` WHERE `vid` = 412 LIMIT 1   [ RunTime:0.0006s ]
SQL: SHOW COLUMNS FROM `pk_venue_block` [ RunTime:0.0085s ]
SQL: SELECT COUNT(*) AS tp_count FROM `pk_venue_block` WHERE `vid` = 412 LIMIT 1   [ RunTime:0.0004s ]
SQL: SHOW COLUMNS FROM `pk_orders` [ RunTime:0.0108s ]
SQL: SELECT COUNT(*) AS tp_count FROM `pk_orders` WHERE `vid` = 412 LIMIT 1   [ RunTime:0.0005s ]
SQL: SHOW COLUMNS FROM `pk_locks` [ RunTime:0.0161s ]
SQL: SELECT COUNT(*) AS tp_count FROM `pk_locks` WHERE `vid` = 412 LIMIT 1   [ RunTime:0.0005s ]
SQL: SELECT COUNT(*) AS tp_count FROM `pk_orders` WHERE `vid` = 412 AND `status` = 8 LIMIT 1   [ RunTime:0.0004s ]
SQL: SHOW COLUMNS FROM `pk_venue_album` [ RunTime:0.0097s ]
SQL: SHOW COLUMNS FROM `pk_picture` [ RunTime:0.0118s ]
SQL: SELECT VenueAlbum.id AS id,VenueAlbum.vid AS vid,VenueAlbum.pid AS pid,VenueAlbum.types AS types,VenueAlbum.status AS status,Picture.path AS path,Picture.create_time AS create_time FROM pk_venue_album VenueAlbum  JOIN pk_picture Picture ON VenueAlbum.pid=Picture.id WHERE VenueAlbum.vid = '412' AND VenueAlbum.status = 1 AND VenueAlbum.types = 1 LIMIT 1   [ RunTime:0.0011s ]
NOTIC: [8] Undefined offset: 0 C:\wamp\www\play\Application\Ground\Controller\AdminController.class.php 第 84 行.
NOTIC: [8] Undefined offset: 0 C:\wamp\www\play\Application\Ground\Controller\AdminController.class.php 第 85 行.
NOTIC: [8] Use of undefined constant IS_ROOT - assumed 'IS_ROOT' C:\wamp\www\play\Application\Ground\Controller\AdminController.class.php 第 87 行.
SQL: UPDATE `pk_venue` SET `address`='孝感市孝南区孝感市孝南区车站中学',`city`='孝感市',`district`='孝南区',`lng`='113.934814',`lat`='30.95375',`summary`='很不错的场馆',`tel`='877677677',`bus`='5,8,3',`circle`='小南',`services`='VIP休息室',`material`='1',`light`='1',`update_time`='1451728054',`status`='8' WHERE `uid` = 419 [ RunTime:0.0016s ]
SQL: SHOW COLUMNS FROM `pk_circle` [ RunTime:0.0202s ]
SQL: SELECT * FROM `pk_circle` WHERE `name` = '小南' AND `city` = '孝感市' LIMIT 1   [ RunTime:0.0007s ]
SQL: INSERT INTO `pk_circle` (`name`,`city`) VALUES ('小南','孝感市') [ RunTime:0.0021s ]
INFO: [ view_parse ] --START--
INFO: [ template_filter ] --START--
INFO: Run Behavior\ContentReplaceBehavior [ RunTime:0.000093s ]
INFO: [ template_filter ] --END-- [ RunTime:0.000219s ]
INFO: Run Behavior\ParseTemplateBehavior [ RunTime:0.011029s ]
INFO: [ view_parse ] --END-- [ RunTime:0.011174s ]
INFO: [ view_filter ] --START--
INFO: Run Behavior\WriteHtmlCacheBehavior [ RunTime:0.000582s ]
INFO: [ view_filter ] --END-- [ RunTime:0.000690s ]
INFO: [ app_end ] --START--
INFO: Run Behavior\ShowPageTraceBehavior [ RunTime:0.000839s ]
INFO: [ app_end ] --END-- [ RunTime:0.000959s ]

[ 2016-01-02T17:47:35+08:00 ] 127.0.0.1 /play.php?s=/Setting/index.html
INFO: [ app_init ] --START--
INFO: Run Behavior\BuildLiteBehavior [ RunTime:0.000030s ]
INFO: Run Common\Behavior\InitHookBehavior [ RunTime:0.003122s ]
INFO: [ app_init ] --END-- [ RunTime:0.003819s ]
INFO: [ app_begin ] --START--
INFO: Run Behavior\ReadHtmlCacheBehavior [ RunTime:0.000590s ]
INFO: [ app_begin ] --END-- [ RunTime:0.000797s ]
SQL: SHOW COLUMNS FROM `pk_ucenter_member` [ RunTime:0.0122s ]
SQL: SELECT * FROM `pk_ucenter_member` WHERE `id` = 419 LIMIT 1   [ RunTime:0.0008s ]
SQL: SHOW COLUMNS FROM `pk_venue` [ RunTime:0.0085s ]
SQL: SELECT * FROM `pk_venue` WHERE `uid` = 419 LIMIT 1   [ RunTime:0.0006s ]
SQL: SHOW COLUMNS FROM `pk_venue_items` [ RunTime:0.0101s ]
SQL: SELECT COUNT(*) AS tp_count FROM `pk_venue_items` WHERE `vid` = 412 LIMIT 1   [ RunTime:0.0011s ]
SQL: SHOW COLUMNS FROM `pk_venue_block` [ RunTime:0.0101s ]
SQL: SELECT COUNT(*) AS tp_count FROM `pk_venue_block` WHERE `vid` = 412 LIMIT 1   [ RunTime:0.0005s ]
SQL: SHOW COLUMNS FROM `pk_orders` [ RunTime:0.0095s ]
SQL: SELECT COUNT(*) AS tp_count FROM `pk_orders` WHERE `vid` = 412 LIMIT 1   [ RunTime:0.0005s ]
SQL: SHOW COLUMNS FROM `pk_locks` [ RunTime:0.0133s ]
SQL: SELECT COUNT(*) AS tp_count FROM `pk_locks` WHERE `vid` = 412 LIMIT 1   [ RunTime:0.0004s ]
SQL: SELECT COUNT(*) AS tp_count FROM `pk_orders` WHERE `vid` = 412 AND `status` = 8 LIMIT 1   [ RunTime:0.0004s ]
SQL: SHOW COLUMNS FROM `pk_venue_album` [ RunTime:0.0094s ]
SQL: SHOW COLUMNS FROM `pk_picture` [ RunTime:0.0086s ]
SQL: SELECT VenueAlbum.id AS id,VenueAlbum.vid AS vid,VenueAlbum.pid AS pid,VenueAlbum.types AS types,VenueAlbum.status AS status,Picture.path AS path,Picture.create_time AS create_time FROM pk_venue_album VenueAlbum  JOIN pk_picture Picture ON VenueAlbum.pid=Picture.id WHERE VenueAlbum.vid = '412' AND VenueAlbum.status = 1 AND VenueAlbum.types = 1 LIMIT 1   [ RunTime:0.0006s ]
NOTIC: [8] Use of undefined constant IS_ROOT - assumed 'IS_ROOT' C:\wamp\www\play\Application\Ground\Controller\AdminController.class.php 第 87 行.
SQL: SELECT VenueAlbum.id AS id,VenueAlbum.vid AS vid,VenueAlbum.pid AS pid,VenueAlbum.types AS types,VenueAlbum.status AS status,Picture.path AS path,Picture.create_time AS create_time FROM pk_venue_album VenueAlbum  JOIN pk_picture Picture ON VenueAlbum.pid=Picture.id WHERE VenueAlbum.vid = '412' AND VenueAlbum.status = 1 AND VenueAlbum.types = 0  [ RunTime:0.0005s ]
SQL: SHOW COLUMNS FROM `pk_items` [ RunTime:0.0082s ]
SQL: SELECT VenueItems.id AS id,VenueItems.vid AS vid,VenueItems.items_id AS items_id,VenueItems.start AS start,VenueItems.end AS end,VenueItems.price AS price,VenueItems.duration AS duration,VenueItems.num AS num,VenueItems.status AS status,VenueItems.created_time AS created_time,VenueItems.update_time AS update_time,Items.name AS name,Items.icon AS icon FROM pk_venue_items VenueItems  JOIN pk_items Items ON VenueItems.items_id=Items.id WHERE VenueItems.vid = '412'  [ RunTime:0.0006s ]
INFO: [ view_parse ] --START--
INFO: [ template_filter ] --START--
INFO: Run Behavior\ContentReplaceBehavior [ RunTime:0.000312s ]
INFO: [ template_filter ] --END-- [ RunTime:0.000432s ]
NOTIC: [8] Undefined variable: setB C:\wamp\www\play\Runtime\Cache\Ground\76df2d32004eb0ddf1f5c192fa2b4fb9.php 第 142 行.
NOTIC: [8] Undefined variable: setC C:\wamp\www\play\Runtime\Cache\Ground\76df2d32004eb0ddf1f5c192fa2b4fb9.php 第 168 行.
INFO: Run Behavior\ParseTemplateBehavior [ RunTime:0.078468s ]
INFO: [ view_parse ] --END-- [ RunTime:0.078598s ]
INFO: [ view_filter ] --START--
INFO: Run Behavior\WriteHtmlCacheBehavior [ RunTime:0.000796s ]
INFO: [ view_filter ] --END-- [ RunTime:0.000909s ]
INFO: [ app_end ] --START--
INFO: Run Behavior\ShowPageTraceBehavior [ RunTime:0.002149s ]
INFO: [ app_end ] --END-- [ RunTime:0.002430s ]

